2023-03-14 10:50:00,397 INFO:main.py:243:print_splash_screen:PDB2PQR v3.4.1: biomolecular structure conversion software.
2023-03-14 10:50:00,398 INFO:main.py:245:print_splash_screen:Please cite:  Jurrus E, et al.  Improvements to the APBS biomolecular solvation software suite.  Protein Sci 27 112-128 (2018).
2023-03-14 10:50:00,398 INFO:main.py:245:print_splash_screen:Please cite:  Dolinsky TJ, et al.  PDB2PQR: expanding and upgrading automated preparation of biomolecular structures for molecular simulations. Nucleic Acids Res 35 W522-W525 (2007).
2023-03-14 10:50:00,398 INFO:main.py:750:main_driver:Checking and transforming input arguments.
2023-03-14 10:50:00,399 INFO:main.py:754:main_driver:Loading topology files.
2023-03-14 10:50:00,481 INFO:main.py:756:main_driver:Loading molecule: pdb/out/M_C3_Q6_22.pdb
2023-03-14 10:50:00,587 INFO:main.py:761:main_driver:Setting up molecule.
2023-03-14 10:50:00,688 INFO:main.py:411:setup_molecule:Created biomolecule object with 837 residues and 13125 atoms.
2023-03-14 10:50:00,691 INFO:main.py:765:main_driver:Setting termini states for biomolecule chains.
2023-03-14 10:50:00,729 INFO:main.py:604:non_trivial:Loading forcefield.
2023-03-14 10:50:00,738 INFO:main.py:608:non_trivial:Loading hydrogen topology definitions.
2023-03-14 10:50:00,746 INFO:main.py:462:is_repairable:This biomolecule is clean.  No repair needed.
2023-03-14 10:50:00,747 INFO:main.py:623:non_trivial:Updating disulfide bridges.
2023-03-14 10:50:00,747 INFO:main.py:626:non_trivial:Debumping biomolecule.
2023-03-14 10:50:01,096 INFO:main.py:633:non_trivial:Assigning titration states with PROPKA.
2023-03-14 10:50:01,155 INFO:output.py:61:print_header:
propka3.5.0                                                                                  2023-03-14

-------------------------------------------------------------------------------
--                                                                           --
--  PROPKA: A PROTEIN PKA PREDICTOR                                          --
--                                                                           --
--  VERSION 1.0,  04/25/2004,  IOWA CITY                                     --
--  BY HUI LI                                                                --
--                                                                           --
--  VERSION 2.0,  11/05/2007, IOWA CITY/COPENHAGEN                           --
--  BY DELPHINE C. BAS AND DAVID M. ROGERS                                   --
--                                                                           --
--  VERSION 3.0,  01/06/2011, COPENHAGEN                                     --
--  BY MATS H.M. OLSSON AND CHRESTEN R. SONDERGARD                           --
--                                                                           --
--  VERSION 3.1,  07/01/2011, COPENHAGEN                                     --
--  BY CHRESTEN R. SONDERGARD AND MATS H.M. OLSSON                           --
--                                                                           --
--  VERSION 3.2,  06/17/2020, PLANET EARTH                                   --
--  SEE ABOVE FOR AUTHORS                                                    --
--                                                                           --
-------------------------------------------------------------------------------


-------------------------------------------------------------------------------
References:

Very Fast Empirical Prediction and Rationalization of Protein pKa Values.
Hui Li, Andrew D. Robertson and Jan H. Jensen. PROTEINS: Structure, Function,
and Bioinformatics. 61:704-721 (2005)

Very Fast Prediction and Rationalization of pKa Values for Protein-Ligand
Complexes.  Delphine C. Bas, David M. Rogers and Jan H. Jensen.  PROTEINS:
Structure, Function, and Bioinformatics 73:765-783 (2008)

PROPKA3: Consistent Treatment of Internal and Surface Residues in Empirical
pKa predictions.  Mats H.M. Olsson, Chresten R. Sondergard, Michal Rostkowski,
and Jan H. Jensen.  Journal of Chemical Theory and Computation, 7(2):525-537
(2011)

Improved Treatment of Ligands and Coupling Effects in Empirical Calculation
and Rationalization of pKa Values.  Chresten R. Sondergaard, Mats H.M. Olsson,
Michal Rostkowski, and Jan H. Jensen.  Journal of Chemical Theory and
Computation, (2011)
-------------------------------------------------------------------------------



2023-03-14 10:50:01,490 INFO:conformation_container.py:109:find_covalently_coupled_groups:Coupling map:

2023-03-14 10:50:01,490 INFO:conformation_container.py:195:calculate_pka:Calculating pKas for Conformation container 1A with 7479 atoms and 2010 groups
2023-03-14 10:50:04,735 INFO:output.py:208:print_pka_section:pKa determinants:

---------  -----   ------   ---------------------    --------------    --------------    --------------
                            DESOLVATION  EFFECTS       SIDECHAIN          BACKBONE        COULOMBIC
 RESIDUE    pKa    BURIED     REGULAR      RE        HYDROGEN BOND     HYDROGEN BOND      INTERACTION
---------  -----   ------   ---------   ---------    --------------    --------------    --------------

ASP  10 A   5.36    46 %    1.18  409   0.52    0    0.00 XXX   0 X    0.00 XXX   0 X   -0.22 ARG  69 A
ASP  10 A                                            0.00 XXX   0 X    0.00 XXX   0 X   -0.04 LYS 235 B
ASP  10 A                                            0.00 XXX   0 X    0.00 XXX   0 X    0.06 GLU   7 A
ASP  10 A                                            0.00 XXX   0 X    0.00 XXX   0 X    0.06 GLU  14 A

ASP  95 A   2.78    17 %    1.11  328   0.11    0   -0.81 HIS 154 A   -0.84 LYS 155 A   -0.11 LYS 155 A
ASP  95 A                                            0.00 XXX   0 X   -0.01 THR 156 A   -0.48 HIS 154 A

ASP 130 A   4.33    42 %    1.67  399   0.30    0   -0.73 LYS 193 A    0.00 XXX   0 X   -0.07 ARG 131 A
ASP 130 A                                            0.00 XXX   0 X    0.00 XXX   0 X    0.04 GLU 126 A
ASP 130 A                                            0.00 XXX   0 X    0.00 XXX   0 X    0.03 GLU 127 A
ASP 130 A                                            0.00 XXX   0 X    0.00 XXX   0 X   -0.24 HIS 185 A
ASP 130 A                                            0.00 XXX   0 X    0.00 XXX   0 X   -0.47 LYS 193 A

ASP 157 A   2.85    16 %    1.04  327   0.09    0    0.00 XXX   0 X   -0.84 LYS 217 A   -0.07 LYS 217 A
ASP 157 A                                            0.00 XXX   0 X   -0.72 ASN 218 A   -0.45 HIS 216 A

ASP 276 A   2.86     0 %    0.38  174   0.00    0   -0.85 LYS 272 A    0.00 XXX   0 X   -0.03 ARG 273 A
ASP 276 A                                            0.00 XXX   0 X    0.00 XXX   0 X   -0.06 ARG 278 A
ASP 276 A                                            0.00 XXX   0 X    0.00 XXX   0 X   -0.38 LYS 272 A

GLU   2 A   3.51     7 %    0.70  302   0.02    0    0.00 XXX   0 X   -0.69 LYS  62 A   -0.11 N+    1 A
GLU   2 A                                            0.00 XXX   0 X   -0.85 SER  63 A   -0.07 LYS  62 A

GLU   3 A   3.65     7 %    0.31  301   0.00    0   -0.76 LYS 238 B    0.00 XXX   0 X   -0.03 N+    1 A
GLU   3 A                                            0.00 XXX   0 X    0.00 XXX   0 X   -0.07 ARG  69 A
GLU   3 A                                            0.00 XXX   0 X    0.00 XXX   0 X   -0.01 LYS 235 B
GLU   3 A                                            0.00 XXX   0 X    0.00 XXX   0 X   -0.03 LYS 245 B
GLU   3 A                                            0.00 XXX   0 X    0.00 XXX   0 X    0.18 GLU   7 A
GLU   3 A                                            0.00 XXX   0 X    0.00 XXX   0 X   -0.43 LYS 238 B

GLU   7 A   3.37    46 %    1.32  411   0.14    0   -0.85 LYS 235 B    0.00 XXX   0 X   -0.01 ARG  69 A
GLU   7 A                                           -0.60 LYS 238 B    0.00 XXX   0 X   -0.60 LYS 235 B
GLU   7 A                                            0.00 XXX   0 X    0.00 XXX   0 X   -0.53 LYS 238 B

GLU  14 A   4.56    27 %    0.45  357   0.07    0    0.00 XXX   0 X    0.00 XXX   0 X   -0.08 LYS  18 A
GLU  14 A                                            0.00 XXX   0 X    0.00 XXX   0 X   -0.36 LYS 231 B
GLU  14 A                                            0.00 XXX   0 X    0.00 XXX   0 X   -0.12 LYS 235 B
GLU  14 A                                            0.00 XXX   0 X    0.00 XXX   0 X    0.11 GLU 227 B

GLU  22 A   4.54    38 %    0.81  387   0.21    0   -0.27 LYS 224 B    0.00 XXX   0 X   -0.25 LYS  18 A
GLU  22 A                                            0.00 XXX   0 X    0.00 XXX   0 X   -0.07 LYS 158 B
GLU  22 A                                            0.00 XXX   0 X    0.00 XXX   0 X    0.09 GLU  25 A
GLU  22 A                                            0.00 XXX   0 X    0.00 XXX   0 X    0.06 GLU 227 B
GLU  22 A                                            0.00 XXX   0 X    0.00 XXX   0 X   -0.55 LYS 224 B

GLU  25 A   3.86     0 %    0.27  243   0.00    0   -0.84 GLN  21 A    0.00 XXX   0 X   -0.06 LYS  80 A
GLU  25 A                                            0.00 XXX   0 X    0.00 XXX   0 X   -0.01 LYS 224 B

GLU  31 A   4.56     0 %    0.06   95   0.00    0    0.00 XXX   0 X    0.00 XXX   0 X    0.00 XXX   0 X

GLU  33 A   3.30     0 %    0.61  282   0.00    0   -0.03 HIS  92 A   -0.84 ARG  93 A   -0.24 HIS  92 A
GLU  33 A                                           -0.42 ARG  93 A   -0.03 ILE  94 A   -0.25 ARG  93 A

GLU  38 A   4.27     0 %    0.27  271   0.00    0   -0.47 GLN  34 A    0.00 XXX   0 X   -0.11 LYS  30 A
GLU  38 A                                            0.00 XXX   0 X    0.00 XXX   0 X   -0.04 ARG 100 B
GLU  38 A                                            0.00 XXX   0 X    0.00 XXX   0 X    0.08 GLU  41 A
GLU  38 A                                            0.00 XXX   0 X    0.00 XXX   0 X    0.04 GLU  96 B

GLU  41 A   3.76    22 %    0.51  342   0.04    0   -0.66 ARG  45 A    0.00 XXX   0 X   -0.16 ARG 100 A
GLU  41 A                                            0.00 XXX   0 X    0.00 XXX   0 X   -0.00 ARG  45 B
GLU  41 A                                            0.00 XXX   0 X    0.00 XXX   0 X   -0.04 ARG  45 C
GLU  41 A                                            0.00 XXX   0 X    0.00 XXX   0 X   -0.43 ARG  45 A

GLU  55 A   5.45    90 %    2.00  534   0.65    0   -0.51 LYS  59 A    0.00 XXX   0 X   -0.03 LYS  59 B
GLU  55 A                                            0.00 XXX   0 X    0.00 XXX   0 X   -1.16 LYS  59 A

GLU  64 A   1.91     3 %    0.75  289   0.00    0   -0.64 THR 124 A   -0.78 THR 124 A   -0.28 HIS 123 A
GLU  64 A                                           -0.85 THR 125 A   -0.78 THR 125 A    0.00 XXX   0 X

GLU  83 A   3.82    16 %    0.41  326   0.05    0   -0.51 ARG  87 A    0.00 XXX   0 X   -0.12 LYS  80 A
GLU  83 A                                            0.00 XXX   0 X    0.00 XXX   0 X   -0.20 LYS 142 A
GLU  83 A                                            0.00 XXX   0 X    0.00 XXX   0 X   -0.30 ARG  87 A

GLU  96 A   4.20     5 %    0.29  295   0.00    0   -0.30 ARG 100 A    0.00 XXX   0 X   -0.00 LYS 158 A
GLU  96 A                                            0.00 XXX   0 X    0.00 XXX   0 X   -0.29 ARG 100 A

GLU 126 A   2.66     8 %    0.87  303   0.01    0   -0.85 THR 187 A   -0.79 LYS 186 A   -0.04 LYS 186 A
GLU 126 A                                            0.00 XXX   0 X   -0.74 THR 187 A   -0.30 HIS 185 A

GLU 127 A   3.95     0 %    0.22  216   0.00    0   -0.53 ARG 131 A    0.00 XXX   0 X    0.02 GLU  64 A
GLU 127 A                                            0.00 XXX   0 X    0.00 XXX   0 X   -0.26 ARG 131 A

GLU 145 A   4.59    24 %    0.58  348   0.05    0    0.00 XXX   0 X    0.00 XXX   0 X   -0.24 LYS 142 A
GLU 145 A                                            0.00 XXX   0 X    0.00 XXX   0 X   -0.30 LYS 204 A

GLU 149 A   4.86    14 %    0.57  321   0.04    0    0.00 XXX   0 X    0.00 XXX   0 X   -0.01 LYS 142 A
GLU 149 A                                            0.00 XXX   0 X    0.00 XXX   0 X   -0.26 ARG 152 A
GLU 149 A                                            0.00 XXX   0 X    0.00 XXX   0 X   -0.14 LYS 204 A
GLU 149 A                                            0.00 XXX   0 X    0.00 XXX   0 X    0.16 GLU 145 A

GLU 165 A   5.95    81 %    1.44  508   0.36    0   -0.05 LYS 224 A    0.00 XXX   0 X   -0.02 LYS 158 A
GLU 165 A                                            0.00 XXX   0 X    0.00 XXX   0 X   -0.34 LYS  18 C
GLU 165 A                                            0.00 XXX   0 X    0.00 XXX   0 X    0.10 GLU 227 A
GLU 165 A                                            0.00 XXX   0 X    0.00 XXX   0 X   -0.56 LYS 224 A
GLU 165 A                                            0.00 XXX   0 X    0.00 XXX   0 X    0.52 GLU  22 C

GLU 188 A   2.76     0 %    0.64  235   0.00    0   -0.85 THR 249 A   -0.70 LYS 248 A   -0.03 LYS 248 A
GLU 188 A                                            0.00 XXX   0 X   -0.80 THR 249 A    0.00 XXX   0 X

GLU 196 A   3.64    21 %    0.41  339   0.06    0   -0.81 LYS 255 A    0.00 XXX   0 X   -0.07 LYS 193 A
GLU 196 A                                            0.00 XXX   0 X    0.00 XXX   0 X   -0.45 LYS 255 A

GLU 223 A   4.51     0 %    0.25  257   0.00    0   -0.08 ARG 278 A    0.00 XXX   0 X   -0.19 ARG 278 A
GLU 223 A                                            0.00 XXX   0 X    0.00 XXX   0 X    0.01 GLU 227 A
GLU 223 A                                            0.00 XXX   0 X    0.00 XXX   0 X    0.02 C-  279 A

GLU 227 A   2.68    38 %    0.88  389   0.10    0   -0.85 LYS 231 A    0.00 XXX   0 X   -0.07 LYS 224 A
GLU 227 A                                           -0.78 LYS  18 C    0.00 XXX   0 X   -0.54 LYS 231 A
GLU 227 A                                            0.00 XXX   0 X    0.00 XXX   0 X   -0.56 LYS  18 C

GLU 241 A   4.82     6 %    0.41  298   0.04    0    0.00 XXX   0 X    0.00 XXX   0 X   -0.01 LYS 238 A
GLU 241 A                                            0.00 XXX   0 X    0.00 XXX   0 X   -0.12 LYS 245 A

GLU 251 A   4.64     0 %    0.12  130   0.00    0    0.00 XXX   0 X    0.00 XXX   0 X    0.03 GLU 188 A

GLU 262 A   4.76    14 %    0.36  320   0.03    0    0.00 XXX   0 X    0.00 XXX   0 X   -0.12 LYS 266 A

GLU 269 A   3.73     0 %    0.24  231   0.00    0   -0.60 ARG 273 A    0.00 XXX   0 X   -0.08 LYS 266 A
GLU 269 A                                            0.00 XXX   0 X    0.00 XXX   0 X   -0.33 ARG 273 A

GLU 275 A   4.67     0 %    0.35  267   0.00    0    0.00 XXX   0 X    0.00 XXX   0 X   -0.11 LYS 272 A
GLU 275 A                                            0.00 XXX   0 X    0.00 XXX   0 X   -0.21 ARG 278 A
GLU 275 A                                            0.00 XXX   0 X    0.00 XXX   0 X    0.03 GLU 223 A
GLU 275 A                                            0.00 XXX   0 X    0.00 XXX   0 X    0.11 ASP 276 A

C-  279 A   3.36     0 %    0.23  164   0.00    0    0.00 XXX   0 X    0.00 XXX   0 X   -0.08 ARG 278 A

HIS  92 A   4.86    51 %   -1.91  423   0.00    0    0.03 GLU  33 A    0.00 XXX   0 X    0.24 GLU  33 A

HIS 123 A   4.85    53 %   -1.93  430   0.00    0    0.00 XXX   0 X    0.00 XXX   0 X    0.28 GLU  64 A

HIS 154 A   5.57    61 %   -2.22  453   0.00    0    0.81 ASP  95 A    0.00 XXX   0 X    0.48 ASP  95 A

HIS 185 A   4.92    57 %   -2.10  442   0.00    0    0.00 XXX   0 X    0.00 XXX   0 X   -0.01 LYS 193 A
HIS 185 A                                            0.00 XXX   0 X    0.00 XXX   0 X    0.30 GLU 126 A
HIS 185 A                                            0.00 XXX   0 X    0.00 XXX   0 X    0.24 ASP 130 A

HIS 216 A   4.62    63 %   -2.31  457   0.00    0    0.00 XXX   0 X    0.00 XXX   0 X   -0.01 LYS 224 A
HIS 216 A                                            0.00 XXX   0 X    0.00 XXX   0 X   -0.01 HIS 154 A
HIS 216 A                                            0.00 XXX   0 X    0.00 XXX   0 X    0.45 ASP 157 A

TYR  86 A  10.97    18 %    0.72  332   0.00    0    0.00 XXX   0 X    0.00 XXX   0 X   -0.09 ARG  87 A
TYR  86 A                                            0.00 XXX   0 X    0.00 XXX   0 X    0.10 GLU 145 A
TYR  86 A                                            0.00 XXX   0 X    0.00 XXX   0 X    0.25 GLU 149 A
TYR  86 A                                            0.00 XXX   0 X    0.00 XXX   0 X   -0.02 ARG 152 A

TYR 141 A  10.35    12 %    0.43  314   0.00    0    0.00 XXX   0 X    0.00 XXX   0 X    0.31 GLU 145 A
TYR 141 A                                            0.00 XXX   0 X    0.00 XXX   0 X    0.00 GLU 149 A
TYR 141 A                                            0.00 XXX   0 X    0.00 XXX   0 X   -0.40 LYS 204 A

TYR 148 A  10.64    21 %    0.90  341   0.00    0    0.00 XXX   0 X    0.00 XXX   0 X    0.21 GLU 149 A
TYR 148 A                                            0.00 XXX   0 X    0.00 XXX   0 X   -0.31 ARG 152 A
TYR 148 A                                            0.00 XXX   0 X    0.00 XXX   0 X   -0.15 LYS 204 A

TYR 210 A  10.37     7 %    0.53  301   0.00    0    0.00 XXX   0 X    0.00 XXX   0 X    0.09 GLU 269 A
TYR 210 A                                            0.00 XXX   0 X    0.00 XXX   0 X   -0.25 ARG 273 A
TYR 210 A                                            0.00 XXX   0 X    0.00 XXX   0 X    0.00 ASP 276 A

TYR 221 A  10.35    15 %    0.64  323   0.00    0    0.00 XXX   0 X    0.00 XXX   0 X    0.08 ASP 157 A
TYR 221 A                                            0.00 XXX   0 X    0.00 XXX   0 X    0.07 GLU 165 A
TYR 221 A                                            0.00 XXX   0 X    0.00 XXX   0 X    0.09 GLU  22 C
TYR 221 A                                            0.00 XXX   0 X    0.00 XXX   0 X   -0.24 LYS 158 A
TYR 221 A                                            0.00 XXX   0 X    0.00 XXX   0 X   -0.28 LYS 224 A

TYR 252 A   9.68     0 %    0.39  230   0.00    0   -0.85 THR 189 A    0.00 XXX   0 X    0.11 GLU 188 A
TYR 252 A                                            0.00 XXX   0 X    0.00 XXX   0 X    0.12 GLU 251 A
TYR 252 A                                            0.00 XXX   0 X    0.00 XXX   0 X   -0.09 LYS 255 A

TYR 264 A  10.11     0 %    0.12  197   0.00    0    0.00 XXX   0 X    0.00 XXX   0 X   -0.01 ARG 234 A

LYS  18 A  11.49    38 %   -1.02  388   0.00    0    0.78 GLU 227 B    0.00 XXX   0 X    0.08 GLU  14 A
LYS  18 A                                            0.00 XXX   0 X    0.00 XXX   0 X    0.25 GLU  22 A
LYS  18 A                                            0.00 XXX   0 X    0.00 XXX   0 X    0.34 GLU 165 B
LYS  18 A                                            0.00 XXX   0 X    0.00 XXX   0 X    0.56 GLU 227 B

LYS  30 A   9.95    12 %   -0.54  316   0.00    0    0.00 XXX   0 X    0.00 XXX   0 X    0.11 GLU  38 A
LYS  30 A                                            0.00 XXX   0 X    0.00 XXX   0 X   -0.12 LYS 158 B

LYS  59 A  10.10    81 %   -1.61  509   0.00    0    0.51 GLU  55 A    0.00 XXX   0 X    0.03 GLU  55 C
LYS  59 A                                            0.00 XXX   0 X    0.00 XXX   0 X   -0.25 LYS  59 B
LYS  59 A                                            0.00 XXX   0 X    0.00 XXX   0 X   -0.25 LYS  59 C
LYS  59 A                                            0.00 XXX   0 X    0.00 XXX   0 X    1.16 GLU  55 A

LYS  62 A  10.44     0 %   -0.13  252   0.00    0    0.00 XXX   0 X    0.00 XXX   0 X    0.07 GLU   2 A

LYS  80 A  10.11    11 %   -0.57  311   0.00    0    0.00 XXX   0 X    0.00 XXX   0 X    0.06 GLU  25 A
LYS  80 A                                            0.00 XXX   0 X    0.00 XXX   0 X    0.12 GLU  83 A

LYS 142 A  10.22    24 %   -0.59  349   0.00    0    0.00 XXX   0 X    0.00 XXX   0 X    0.20 GLU  83 A
LYS 142 A                                            0.00 XXX   0 X    0.00 XXX   0 X   -0.14 ARG  87 A
LYS 142 A                                            0.00 XXX   0 X    0.00 XXX   0 X    0.24 GLU 145 A
LYS 142 A                                            0.00 XXX   0 X    0.00 XXX   0 X    0.01 GLU 149 A

LYS 155 A  10.49     0 %   -0.09  168   0.00    0    0.00 XXX   0 X    0.00 XXX   0 X   -0.03 ARG  93 A
LYS 155 A                                            0.00 XXX   0 X    0.00 XXX   0 X    0.11 ASP  95 A

LYS 158 A  10.40    28 %   -0.35  360   0.00    0    0.00 XXX   0 X    0.00 XXX   0 X    0.00 GLU  96 A
LYS 158 A                                            0.00 XXX   0 X    0.00 XXX   0 X    0.02 GLU 165 A
LYS 158 A                                            0.00 XXX   0 X    0.00 XXX   0 X    0.07 GLU  22 C
LYS 158 A                                            0.00 XXX   0 X    0.00 XXX   0 X    0.24 TYR 221 A
LYS 158 A                                            0.00 XXX   0 X    0.00 XXX   0 X   -0.08 LYS 224 A

LYS 186 A  10.41     0 %   -0.13  210   0.00    0    0.00 XXX   0 X    0.00 XXX   0 X    0.04 GLU 126 A

LYS 193 A  11.31     5 %   -0.41  294   0.00    0    0.73 ASP 130 A    0.00 XXX   0 X   -0.05 ARG 131 A
LYS 193 A                                            0.00 XXX   0 X    0.00 XXX   0 X    0.07 GLU 196 A
LYS 193 A                                            0.00 XXX   0 X    0.00 XXX   0 X    0.47 ASP 130 A

LYS 204 A  10.75    25 %   -0.73  352   0.00    0    0.00 XXX   0 X    0.00 XXX   0 X    0.30 GLU 145 A
LYS 204 A                                            0.00 XXX   0 X    0.00 XXX   0 X    0.14 GLU 149 A
LYS 204 A                                            0.00 XXX   0 X    0.00 XXX   0 X   -0.01 ARG 152 A
LYS 204 A                                            0.00 XXX   0 X    0.00 XXX   0 X    0.40 TYR 141 A
LYS 204 A                                            0.00 XXX   0 X    0.00 XXX   0 X    0.15 TYR 148 A

LYS 217 A  10.47     0 %   -0.10  193   0.00    0    0.00 XXX   0 X    0.00 XXX   0 X    0.07 ASP 157 A

LYS 224 A  11.00    36 %   -1.06  382   0.00    0    0.05 GLU 165 A    0.00 XXX   0 X    0.07 GLU 227 A
LYS 224 A                                            0.27 GLU  22 C    0.00 XXX   0 X    0.01 GLU  25 C
LYS 224 A                                            0.00 XXX   0 X    0.00 XXX   0 X    0.28 TYR 221 A
LYS 224 A                                            0.00 XXX   0 X    0.00 XXX   0 X   -0.22 LYS  18 C
LYS 224 A                                            0.00 XXX   0 X    0.00 XXX   0 X    0.56 GLU 165 A
LYS 224 A                                            0.00 XXX   0 X    0.00 XXX   0 X    0.55 GLU  22 C

LYS 231 A  10.98    32 %   -0.90  370   0.00    0    0.85 GLU 227 A    0.00 XXX   0 X   -0.04 ARG 234 A
LYS 231 A                                            0.00 XXX   0 X    0.00 XXX   0 X    0.36 GLU  14 C
LYS 231 A                                            0.00 XXX   0 X    0.00 XXX   0 X   -0.32 LYS  18 C
LYS 231 A                                            0.00 XXX   0 X    0.00 XXX   0 X    0.54 GLU 227 A

LYS 235 A  10.67    42 %   -1.11  399   0.00    0    0.85 GLU   7 C    0.00 XXX   0 X   -0.04 ARG 234 A
LYS 235 A                                            0.00 XXX   0 X    0.00 XXX   0 X    0.01 GLU   3 C
LYS 235 A                                            0.00 XXX   0 X    0.00 XXX   0 X    0.04 ASP  10 C
LYS 235 A                                            0.00 XXX   0 X    0.00 XXX   0 X    0.12 GLU  14 C
LYS 235 A                                            0.00 XXX   0 X    0.00 XXX   0 X   -0.08 LYS 231 A
LYS 235 A                                            0.00 XXX   0 X    0.00 XXX   0 X   -0.23 LYS 238 A
LYS 235 A                                            0.00 XXX   0 X    0.00 XXX   0 X    0.60 GLU   7 C

LYS 238 A  12.12    20 %   -0.68  338   0.00    0    0.76 GLU   3 C    0.00 XXX   0 X    0.01 GLU 241 A
LYS 238 A                                            0.60 GLU   7 C    0.00 XXX   0 X   -0.03 ARG  69 C
LYS 238 A                                            0.00 XXX   0 X    0.00 XXX   0 X    0.43 GLU   3 C
LYS 238 A                                            0.00 XXX   0 X    0.00 XXX   0 X    0.53 GLU   7 C

LYS 245 A  10.51     0 %   -0.14  198   0.00    0    0.00 XXX   0 X    0.00 XXX   0 X    0.12 GLU 241 A
LYS 245 A                                            0.00 XXX   0 X    0.00 XXX   0 X    0.03 GLU   3 C
LYS 245 A                                            0.00 XXX   0 X    0.00 XXX   0 X   -0.01 LYS 238 A

LYS 248 A  10.42     0 %   -0.11  155   0.00    0    0.00 XXX   0 X    0.00 XXX   0 X    0.03 GLU 188 A

LYS 255 A  11.16    17 %   -0.67  330   0.00    0    0.81 GLU 196 A    0.00 XXX   0 X   -0.03 LYS 193 A
LYS 255 A                                            0.00 XXX   0 X    0.00 XXX   0 X    0.09 TYR 252 A
LYS 255 A                                            0.00 XXX   0 X    0.00 XXX   0 X    0.45 GLU 196 A

LYS 266 A   9.56    37 %   -1.12  385   0.00    0    0.00 XXX   0 X    0.00 XXX   0 X    0.12 GLU 262 A
LYS 266 A                                            0.00 XXX   0 X    0.00 XXX   0 X    0.08 GLU 269 A
LYS 266 A                                            0.00 XXX   0 X    0.00 XXX   0 X   -0.02 LYS 204 A

LYS 272 A  11.50     0 %   -0.30  152   0.00    0    0.85 ASP 276 A    0.00 XXX   0 X   -0.03 ARG 273 A
LYS 272 A                                            0.00 XXX   0 X    0.00 XXX   0 X    0.11 GLU 275 A
LYS 272 A                                            0.00 XXX   0 X    0.00 XXX   0 X   -0.02 ARG 278 A
LYS 272 A                                            0.00 XXX   0 X    0.00 XXX   0 X    0.38 ASP 276 A

ARG  45 A  13.05    36 %   -0.58  382   0.00    0    0.66 GLU  41 A    0.00 XXX   0 X    0.04 GLU  41 B
ARG  45 A                                            0.00 XXX   0 X    0.00 XXX   0 X    0.00 GLU  41 C
ARG  45 A                                            0.00 XXX   0 X    0.00 XXX   0 X    0.43 GLU  41 A

ARG  69 A  12.52     0 %   -0.29  271   0.00    0    0.00 XXX   0 X    0.00 XXX   0 X    0.07 GLU   3 A
ARG  69 A                                            0.00 XXX   0 X    0.00 XXX   0 X    0.01 GLU   7 A
ARG  69 A                                            0.00 XXX   0 X    0.00 XXX   0 X    0.22 ASP  10 A

ARG  87 A  13.17     0 %   -0.23  253   0.00    0    0.51 GLU  83 A    0.00 XXX   0 X    0.09 TYR  86 A
ARG  87 A                                            0.00 XXX   0 X    0.00 XXX   0 X    0.30 GLU  83 A

ARG  93 A  13.07     0 %   -0.11  164   0.00    0    0.42 GLU  33 A    0.00 XXX   0 X    0.25 GLU  33 A

ARG 100 A  12.83    26 %   -0.46  353   0.00    0    0.30 GLU  96 A    0.00 XXX   0 X    0.16 GLU  41 A
ARG 100 A                                            0.00 XXX   0 X    0.00 XXX   0 X    0.04 GLU  38 C
ARG 100 A                                            0.00 XXX   0 X    0.00 XXX   0 X    0.29 GLU  96 A

ARG 131 A  13.14     0 %   -0.22  257   0.00    0    0.53 GLU 127 A    0.00 XXX   0 X    0.07 ASP 130 A
ARG 131 A                                            0.00 XXX   0 X    0.00 XXX   0 X    0.26 GLU 127 A

ARG 152 A  12.88     0 %   -0.21  249   0.00    0    0.00 XXX   0 X    0.00 XXX   0 X    0.02 TYR  86 A
ARG 152 A                                            0.00 XXX   0 X    0.00 XXX   0 X    0.31 TYR 148 A
ARG 152 A                                            0.00 XXX   0 X    0.00 XXX   0 X    0.26 GLU 149 A

ARG 234 A  12.34     0 %   -0.17  252   0.00    0    0.00 XXX   0 X    0.00 XXX   0 X    0.01 TYR 264 A

ARG 273 A  13.50     0 %   -0.21  203   0.00    0    0.60 GLU 269 A    0.00 XXX   0 X    0.25 TYR 210 A
ARG 273 A                                            0.00 XXX   0 X    0.00 XXX   0 X    0.03 ASP 276 A
ARG 273 A                                            0.00 XXX   0 X    0.00 XXX   0 X    0.33 GLU 269 A

ARG 278 A  12.81     0 %   -0.31  228   0.00    0    0.08 GLU 223 A    0.00 XXX   0 X    0.19 GLU 223 A
ARG 278 A                                            0.00 XXX   0 X    0.00 XXX   0 X    0.21 GLU 275 A
ARG 278 A                                            0.00 XXX   0 X    0.00 XXX   0 X    0.06 ASP 276 A
ARG 278 A                                            0.00 XXX   0 X    0.00 XXX   0 X    0.08 C-  279 A

N+    1 A   7.15    49 %   -0.99  418   0.00    0    0.00 XXX   0 X    0.00 XXX   0 X    0.11 GLU   2 A
N+    1 A                                            0.00 XXX   0 X    0.00 XXX   0 X    0.03 GLU   3 A

ASP  10 B   5.36    46 %    1.18  409   0.52    0    0.00 XXX   0 X    0.00 XXX   0 X   -0.22 ARG  69 B
ASP  10 B                                            0.00 XXX   0 X    0.00 XXX   0 X   -0.04 LYS 235 C
ASP  10 B                                            0.00 XXX   0 X    0.00 XXX   0 X    0.06 GLU   7 B
ASP  10 B                                            0.00 XXX   0 X    0.00 XXX   0 X    0.06 GLU  14 B

ASP  95 B   2.78    17 %    1.11  328   0.11    0   -0.81 HIS 154 B   -0.84 LYS 155 B   -0.11 LYS 155 B
ASP  95 B                                            0.00 XXX   0 X   -0.01 THR 156 B   -0.48 HIS 154 B

ASP 130 B   4.33    42 %    1.67  399   0.30    0   -0.73 LYS 193 B    0.00 XXX   0 X   -0.07 ARG 131 B
ASP 130 B                                            0.00 XXX   0 X    0.00 XXX   0 X    0.04 GLU 126 B
ASP 130 B                                            0.00 XXX   0 X    0.00 XXX   0 X    0.03 GLU 127 B
ASP 130 B                                            0.00 XXX   0 X    0.00 XXX   0 X   -0.24 HIS 185 B
ASP 130 B                                            0.00 XXX   0 X    0.00 XXX   0 X   -0.47 LYS 193 B

ASP 157 B   2.85    16 %    1.04  327   0.09    0    0.00 XXX   0 X   -0.84 LYS 217 B   -0.07 LYS 217 B
ASP 157 B                                            0.00 XXX   0 X   -0.72 ASN 218 B   -0.45 HIS 216 B

ASP 276 B   2.86     0 %    0.38  174   0.00    0   -0.85 LYS 272 B    0.00 XXX   0 X   -0.03 ARG 273 B
ASP 276 B                                            0.00 XXX   0 X    0.00 XXX   0 X   -0.06 ARG 278 B
ASP 276 B                                            0.00 XXX   0 X    0.00 XXX   0 X   -0.38 LYS 272 B

GLU   2 B   3.51     7 %    0.70  302   0.02    0    0.00 XXX   0 X   -0.69 LYS  62 B   -0.11 N+    1 B
GLU   2 B                                            0.00 XXX   0 X   -0.85 SER  63 B   -0.07 LYS  62 B

GLU   3 B   3.65     7 %    0.31  301   0.00    0   -0.76 LYS 238 C    0.00 XXX   0 X   -0.03 N+    1 B
GLU   3 B                                            0.00 XXX   0 X    0.00 XXX   0 X   -0.07 ARG  69 B
GLU   3 B                                            0.00 XXX   0 X    0.00 XXX   0 X   -0.01 LYS 235 C
GLU   3 B                                            0.00 XXX   0 X    0.00 XXX   0 X   -0.03 LYS 245 C
GLU   3 B                                            0.00 XXX   0 X    0.00 XXX   0 X    0.18 GLU   7 B
GLU   3 B                                            0.00 XXX   0 X    0.00 XXX   0 X   -0.43 LYS 238 C

GLU   7 B   3.37    46 %    1.32  411   0.14    0   -0.85 LYS 235 C    0.00 XXX   0 X   -0.01 ARG  69 B
GLU   7 B                                           -0.60 LYS 238 C    0.00 XXX   0 X   -0.60 LYS 235 C
GLU   7 B                                            0.00 XXX   0 X    0.00 XXX   0 X   -0.53 LYS 238 C

GLU  14 B   4.56    27 %    0.45  357   0.07    0    0.00 XXX   0 X    0.00 XXX   0 X   -0.08 LYS  18 B
GLU  14 B                                            0.00 XXX   0 X    0.00 XXX   0 X   -0.36 LYS 231 C
GLU  14 B                                            0.00 XXX   0 X    0.00 XXX   0 X   -0.12 LYS 235 C
GLU  14 B                                            0.00 XXX   0 X    0.00 XXX   0 X    0.11 GLU 227 C

GLU  22 B   4.54    38 %    0.81  387   0.21    0   -0.27 LYS 224 C    0.00 XXX   0 X   -0.25 LYS  18 B
GLU  22 B                                            0.00 XXX   0 X    0.00 XXX   0 X   -0.07 LYS 158 C
GLU  22 B                                            0.00 XXX   0 X    0.00 XXX   0 X    0.09 GLU  25 B
GLU  22 B                                            0.00 XXX   0 X    0.00 XXX   0 X    0.06 GLU 227 C
GLU  22 B                                            0.00 XXX   0 X    0.00 XXX   0 X   -0.55 LYS 224 C

GLU  25 B   3.86     0 %    0.27  243   0.00    0   -0.84 GLN  21 B    0.00 XXX   0 X   -0.06 LYS  80 B
GLU  25 B                                            0.00 XXX   0 X    0.00 XXX   0 X   -0.01 LYS 224 C

GLU  31 B   4.56     0 %    0.06   95   0.00    0    0.00 XXX   0 X    0.00 XXX   0 X    0.00 XXX   0 X

GLU  33 B   3.30     0 %    0.61  282   0.00    0   -0.03 HIS  92 B   -0.84 ARG  93 B   -0.24 HIS  92 B
GLU  33 B                                           -0.42 ARG  93 B   -0.03 ILE  94 B   -0.25 ARG  93 B

GLU  38 B   4.27     0 %    0.27  271   0.00    0   -0.47 GLN  34 B    0.00 XXX   0 X   -0.11 LYS  30 B
GLU  38 B                                            0.00 XXX   0 X    0.00 XXX   0 X   -0.04 ARG 100 C
GLU  38 B                                            0.00 XXX   0 X    0.00 XXX   0 X    0.08 GLU  41 B
GLU  38 B                                            0.00 XXX   0 X    0.00 XXX   0 X    0.04 GLU  96 C

GLU  41 B   3.76    22 %    0.51  342   0.04    0   -0.66 ARG  45 B    0.00 XXX   0 X   -0.04 ARG  45 A
GLU  41 B                                            0.00 XXX   0 X    0.00 XXX   0 X   -0.16 ARG 100 B
GLU  41 B                                            0.00 XXX   0 X    0.00 XXX   0 X   -0.00 ARG  45 C
GLU  41 B                                            0.00 XXX   0 X    0.00 XXX   0 X   -0.43 ARG  45 B

GLU  55 B   5.45    90 %    2.00  534   0.65    0   -0.51 LYS  59 B    0.00 XXX   0 X   -0.03 LYS  59 C
GLU  55 B                                            0.00 XXX   0 X    0.00 XXX   0 X   -1.16 LYS  59 B

GLU  64 B   1.91     3 %    0.75  289   0.00    0   -0.64 THR 124 B   -0.78 THR 124 B   -0.28 HIS 123 B
GLU  64 B                                           -0.85 THR 125 B   -0.78 THR 125 B    0.00 XXX   0 X

GLU  83 B   3.82    16 %    0.41  326   0.05    0   -0.51 ARG  87 B    0.00 XXX   0 X   -0.12 LYS  80 B
GLU  83 B                                            0.00 XXX   0 X    0.00 XXX   0 X   -0.20 LYS 142 B
GLU  83 B                                            0.00 XXX   0 X    0.00 XXX   0 X   -0.30 ARG  87 B

GLU  96 B   4.20     5 %    0.29  295   0.00    0   -0.30 ARG 100 B    0.00 XXX   0 X   -0.00 LYS 158 B
GLU  96 B                                            0.00 XXX   0 X    0.00 XXX   0 X   -0.29 ARG 100 B

GLU 126 B   2.66     8 %    0.87  303   0.01    0   -0.85 THR 187 B   -0.79 LYS 186 B   -0.04 LYS 186 B
GLU 126 B                                            0.00 XXX   0 X   -0.73 THR 187 B   -0.30 HIS 185 B

GLU 127 B   3.95     0 %    0.22  216   0.00    0   -0.53 ARG 131 B    0.00 XXX   0 X    0.02 GLU  64 B
GLU 127 B                                            0.00 XXX   0 X    0.00 XXX   0 X   -0.26 ARG 131 B

GLU 145 B   4.59    24 %    0.58  348   0.05    0    0.00 XXX   0 X    0.00 XXX   0 X   -0.24 LYS 142 B
GLU 145 B                                            0.00 XXX   0 X    0.00 XXX   0 X   -0.30 LYS 204 B

GLU 149 B   4.86    14 %    0.57  321   0.04    0    0.00 XXX   0 X    0.00 XXX   0 X   -0.01 LYS 142 B
GLU 149 B                                            0.00 XXX   0 X    0.00 XXX   0 X   -0.26 ARG 152 B
GLU 149 B                                            0.00 XXX   0 X    0.00 XXX   0 X   -0.14 LYS 204 B
GLU 149 B                                            0.00 XXX   0 X    0.00 XXX   0 X    0.16 GLU 145 B

GLU 165 B   5.95    81 %    1.44  508   0.36    0   -0.05 LYS 224 B    0.00 XXX   0 X   -0.34 LYS  18 A
GLU 165 B                                            0.00 XXX   0 X    0.00 XXX   0 X   -0.02 LYS 158 B
GLU 165 B                                            0.00 XXX   0 X    0.00 XXX   0 X    0.10 GLU 227 B
GLU 165 B                                            0.00 XXX   0 X    0.00 XXX   0 X    0.52 GLU  22 A
GLU 165 B                                            0.00 XXX   0 X    0.00 XXX   0 X   -0.56 LYS 224 B

GLU 188 B   2.76     0 %    0.64  235   0.00    0   -0.85 THR 249 B   -0.70 LYS 248 B   -0.03 LYS 248 B
GLU 188 B                                            0.00 XXX   0 X   -0.80 THR 249 B    0.00 XXX   0 X

GLU 196 B   3.64    21 %    0.41  339   0.06    0   -0.81 LYS 255 B    0.00 XXX   0 X   -0.07 LYS 193 B
GLU 196 B                                            0.00 XXX   0 X    0.00 XXX   0 X   -0.45 LYS 255 B

GLU 223 B   4.51     0 %    0.25  257   0.00    0   -0.08 ARG 278 B    0.00 XXX   0 X   -0.19 ARG 278 B
GLU 223 B                                            0.00 XXX   0 X    0.00 XXX   0 X    0.01 GLU 227 B
GLU 223 B                                            0.00 XXX   0 X    0.00 XXX   0 X    0.02 C-  279 B

GLU 227 B   2.68    38 %    0.88  389   0.10    0   -0.78 LYS  18 A    0.00 XXX   0 X   -0.07 LYS 224 B
GLU 227 B                                           -0.85 LYS 231 B    0.00 XXX   0 X   -0.56 LYS  18 A
GLU 227 B                                            0.00 XXX   0 X    0.00 XXX   0 X   -0.54 LYS 231 B

GLU 241 B   4.82     6 %    0.41  298   0.04    0    0.00 XXX   0 X    0.00 XXX   0 X   -0.01 LYS 238 B
GLU 241 B                                            0.00 XXX   0 X    0.00 XXX   0 X   -0.12 LYS 245 B

GLU 251 B   4.64     0 %    0.12  130   0.00    0    0.00 XXX   0 X    0.00 XXX   0 X    0.03 GLU 188 B

GLU 262 B   4.76    14 %    0.36  320   0.02    0    0.00 XXX   0 X    0.00 XXX   0 X   -0.12 LYS 266 B

GLU 269 B   3.73     0 %    0.24  231   0.00    0   -0.60 ARG 273 B    0.00 XXX   0 X   -0.08 LYS 266 B
GLU 269 B                                            0.00 XXX   0 X    0.00 XXX   0 X   -0.33 ARG 273 B

GLU 275 B   4.67     0 %    0.35  267   0.00    0    0.00 XXX   0 X    0.00 XXX   0 X   -0.11 LYS 272 B
GLU 275 B                                            0.00 XXX   0 X    0.00 XXX   0 X   -0.21 ARG 278 B
GLU 275 B                                            0.00 XXX   0 X    0.00 XXX   0 X    0.03 GLU 223 B
GLU 275 B                                            0.00 XXX   0 X    0.00 XXX   0 X    0.11 ASP 276 B

C-  279 B   3.36     0 %    0.23  164   0.00    0    0.00 XXX   0 X    0.00 XXX   0 X   -0.08 ARG 278 B

HIS  92 B   4.86    51 %   -1.91  423   0.00    0    0.03 GLU  33 B    0.00 XXX   0 X    0.24 GLU  33 B

HIS 123 B   4.85    53 %   -1.93  430   0.00    0    0.00 XXX   0 X    0.00 XXX   0 X    0.28 GLU  64 B

HIS 154 B   5.57    61 %   -2.22  453   0.00    0    0.81 ASP  95 B    0.00 XXX   0 X    0.48 ASP  95 B

HIS 185 B   4.92    57 %   -2.10  442   0.00    0    0.00 XXX   0 X    0.00 XXX   0 X   -0.01 LYS 193 B
HIS 185 B                                            0.00 XXX   0 X    0.00 XXX   0 X    0.30 GLU 126 B
HIS 185 B                                            0.00 XXX   0 X    0.00 XXX   0 X    0.24 ASP 130 B

HIS 216 B   4.62    63 %   -2.31  457   0.00    0    0.00 XXX   0 X    0.00 XXX   0 X   -0.01 LYS 224 B
HIS 216 B                                            0.00 XXX   0 X    0.00 XXX   0 X   -0.01 HIS 154 B
HIS 216 B                                            0.00 XXX   0 X    0.00 XXX   0 X    0.45 ASP 157 B

TYR  86 B  10.97    18 %    0.72  332   0.00    0    0.00 XXX   0 X    0.00 XXX   0 X   -0.09 ARG  87 B
TYR  86 B                                            0.00 XXX   0 X    0.00 XXX   0 X    0.10 GLU 145 B
TYR  86 B                                            0.00 XXX   0 X    0.00 XXX   0 X    0.25 GLU 149 B
TYR  86 B                                            0.00 XXX   0 X    0.00 XXX   0 X   -0.02 ARG 152 B

TYR 141 B  10.35    12 %    0.43  314   0.00    0    0.00 XXX   0 X    0.00 XXX   0 X    0.31 GLU 145 B
TYR 141 B                                            0.00 XXX   0 X    0.00 XXX   0 X    0.00 GLU 149 B
TYR 141 B                                            0.00 XXX   0 X    0.00 XXX   0 X   -0.40 LYS 204 B

TYR 148 B  10.64    21 %    0.90  341   0.00    0    0.00 XXX   0 X    0.00 XXX   0 X    0.21 GLU 149 B
TYR 148 B                                            0.00 XXX   0 X    0.00 XXX   0 X   -0.31 ARG 152 B
TYR 148 B                                            0.00 XXX   0 X    0.00 XXX   0 X   -0.15 LYS 204 B

TYR 210 B  10.37     7 %    0.53  301   0.00    0    0.00 XXX   0 X    0.00 XXX   0 X    0.09 GLU 269 B
TYR 210 B                                            0.00 XXX   0 X    0.00 XXX   0 X   -0.25 ARG 273 B
TYR 210 B                                            0.00 XXX   0 X    0.00 XXX   0 X    0.00 ASP 276 B

TYR 221 B  10.35    15 %    0.64  323   0.00    0    0.00 XXX   0 X    0.00 XXX   0 X    0.09 GLU  22 A
TYR 221 B                                            0.00 XXX   0 X    0.00 XXX   0 X    0.08 ASP 157 B
TYR 221 B                                            0.00 XXX   0 X    0.00 XXX   0 X    0.07 GLU 165 B
TYR 221 B                                            0.00 XXX   0 X    0.00 XXX   0 X   -0.24 LYS 158 B
TYR 221 B                                            0.00 XXX   0 X    0.00 XXX   0 X   -0.28 LYS 224 B

TYR 252 B   9.68     0 %    0.39  230   0.00    0   -0.85 THR 189 B    0.00 XXX   0 X    0.11 GLU 188 B
TYR 252 B                                            0.00 XXX   0 X    0.00 XXX   0 X    0.12 GLU 251 B
TYR 252 B                                            0.00 XXX   0 X    0.00 XXX   0 X   -0.09 LYS 255 B

TYR 264 B  10.11     0 %    0.12  197   0.00    0    0.00 XXX   0 X    0.00 XXX   0 X   -0.01 ARG 234 B

LYS  18 B  11.49    38 %   -1.02  388   0.00    0    0.78 GLU 227 C    0.00 XXX   0 X    0.08 GLU  14 B
LYS  18 B                                            0.00 XXX   0 X    0.00 XXX   0 X    0.25 GLU  22 B
LYS  18 B                                            0.00 XXX   0 X    0.00 XXX   0 X    0.34 GLU 165 C
LYS  18 B                                            0.00 XXX   0 X    0.00 XXX   0 X    0.56 GLU 227 C

LYS  30 B   9.95    12 %   -0.54  316   0.00    0    0.00 XXX   0 X    0.00 XXX   0 X    0.11 GLU  38 B
LYS  30 B                                            0.00 XXX   0 X    0.00 XXX   0 X   -0.12 LYS 158 C

LYS  59 B  10.60    81 %   -1.61  509   0.00    0    0.51 GLU  55 B    0.00 XXX   0 X    0.03 GLU  55 A
LYS  59 B                                            0.00 XXX   0 X    0.00 XXX   0 X    1.16 GLU  55 B

LYS  62 B  10.44     0 %   -0.13  252   0.00    0    0.00 XXX   0 X    0.00 XXX   0 X    0.07 GLU   2 B

LYS  80 B  10.11    11 %   -0.57  311   0.00    0    0.00 XXX   0 X    0.00 XXX   0 X    0.06 GLU  25 B
LYS  80 B                                            0.00 XXX   0 X    0.00 XXX   0 X    0.12 GLU  83 B

LYS 142 B  10.22    24 %   -0.59  349   0.00    0    0.00 XXX   0 X    0.00 XXX   0 X    0.20 GLU  83 B
LYS 142 B                                            0.00 XXX   0 X    0.00 XXX   0 X   -0.14 ARG  87 B
LYS 142 B                                            0.00 XXX   0 X    0.00 XXX   0 X    0.24 GLU 145 B
LYS 142 B                                            0.00 XXX   0 X    0.00 XXX   0 X    0.01 GLU 149 B

LYS 155 B  10.49     0 %   -0.09  168   0.00    0    0.00 XXX   0 X    0.00 XXX   0 X   -0.03 ARG  93 B
LYS 155 B                                            0.00 XXX   0 X    0.00 XXX   0 X    0.11 ASP  95 B

LYS 158 B  10.40    28 %   -0.35  360   0.00    0    0.00 XXX   0 X    0.00 XXX   0 X    0.07 GLU  22 A
LYS 158 B                                            0.00 XXX   0 X    0.00 XXX   0 X    0.00 GLU  96 B
LYS 158 B                                            0.00 XXX   0 X    0.00 XXX   0 X    0.02 GLU 165 B
LYS 158 B                                            0.00 XXX   0 X    0.00 XXX   0 X    0.24 TYR 221 B
LYS 158 B                                            0.00 XXX   0 X    0.00 XXX   0 X   -0.08 LYS 224 B

LYS 186 B  10.41     0 %   -0.13  210   0.00    0    0.00 XXX   0 X    0.00 XXX   0 X    0.04 GLU 126 B

LYS 193 B  11.31     5 %   -0.41  294   0.00    0    0.73 ASP 130 B    0.00 XXX   0 X   -0.05 ARG 131 B
LYS 193 B                                            0.00 XXX   0 X    0.00 XXX   0 X    0.07 GLU 196 B
LYS 193 B                                            0.00 XXX   0 X    0.00 XXX   0 X    0.47 ASP 130 B

LYS 204 B  10.75    25 %   -0.73  352   0.00    0    0.00 XXX   0 X    0.00 XXX   0 X    0.30 GLU 145 B
LYS 204 B                                            0.00 XXX   0 X    0.00 XXX   0 X    0.14 GLU 149 B
LYS 204 B                                            0.00 XXX   0 X    0.00 XXX   0 X   -0.01 ARG 152 B
LYS 204 B                                            0.00 XXX   0 X    0.00 XXX   0 X    0.40 TYR 141 B
LYS 204 B                                            0.00 XXX   0 X    0.00 XXX   0 X    0.15 TYR 148 B

LYS 217 B  10.47     0 %   -0.10  193   0.00    0    0.00 XXX   0 X    0.00 XXX   0 X    0.07 ASP 157 B

LYS 224 B  11.00    36 %   -1.06  382   0.00    0    0.27 GLU  22 A    0.00 XXX   0 X    0.01 GLU  25 A
LYS 224 B                                            0.05 GLU 165 B    0.00 XXX   0 X    0.07 GLU 227 B
LYS 224 B                                            0.00 XXX   0 X    0.00 XXX   0 X   -0.22 LYS  18 A
LYS 224 B                                            0.00 XXX   0 X    0.00 XXX   0 X    0.28 TYR 221 B
LYS 224 B                                            0.00 XXX   0 X    0.00 XXX   0 X    0.55 GLU  22 A
LYS 224 B                                            0.00 XXX   0 X    0.00 XXX   0 X    0.56 GLU 165 B

LYS 231 B  10.98    32 %   -0.90  370   0.00    0    0.85 GLU 227 B    0.00 XXX   0 X    0.36 GLU  14 A
LYS 231 B                                            0.00 XXX   0 X    0.00 XXX   0 X   -0.04 ARG 234 B
LYS 231 B                                            0.00 XXX   0 X    0.00 XXX   0 X   -0.33 LYS  18 A
LYS 231 B                                            0.00 XXX   0 X    0.00 XXX   0 X    0.54 GLU 227 B

LYS 235 B  10.67    42 %   -1.11  399   0.00    0    0.85 GLU   7 A    0.00 XXX   0 X    0.01 GLU   3 A
LYS 235 B                                            0.00 XXX   0 X    0.00 XXX   0 X    0.04 ASP  10 A
LYS 235 B                                            0.00 XXX   0 X    0.00 XXX   0 X    0.12 GLU  14 A
LYS 235 B                                            0.00 XXX   0 X    0.00 XXX   0 X   -0.04 ARG 234 B
LYS 235 B                                            0.00 XXX   0 X    0.00 XXX   0 X   -0.08 LYS 231 B
LYS 235 B                                            0.00 XXX   0 X    0.00 XXX   0 X   -0.23 LYS 238 B
LYS 235 B                                            0.00 XXX   0 X    0.00 XXX   0 X    0.60 GLU   7 A

LYS 238 B  12.12    20 %   -0.68  338   0.00    0    0.76 GLU   3 A    0.00 XXX   0 X   -0.03 ARG  69 A
LYS 238 B                                            0.60 GLU   7 A    0.00 XXX   0 X    0.01 GLU 241 B
LYS 238 B                                            0.00 XXX   0 X    0.00 XXX   0 X    0.43 GLU   3 A
LYS 238 B                                            0.00 XXX   0 X    0.00 XXX   0 X    0.53 GLU   7 A

LYS 245 B  10.51     0 %   -0.14  198   0.00    0    0.00 XXX   0 X    0.00 XXX   0 X    0.03 GLU   3 A
LYS 245 B                                            0.00 XXX   0 X    0.00 XXX   0 X    0.12 GLU 241 B
LYS 245 B                                            0.00 XXX   0 X    0.00 XXX   0 X   -0.01 LYS 238 B

LYS 248 B  10.42     0 %   -0.11  155   0.00    0    0.00 XXX   0 X    0.00 XXX   0 X    0.03 GLU 188 B

LYS 255 B  11.16    17 %   -0.67  330   0.00    0    0.81 GLU 196 B    0.00 XXX   0 X   -0.03 LYS 193 B
LYS 255 B                                            0.00 XXX   0 X    0.00 XXX   0 X    0.09 TYR 252 B
LYS 255 B                                            0.00 XXX   0 X    0.00 XXX   0 X    0.45 GLU 196 B

LYS 266 B   9.56    37 %   -1.12  385   0.00    0    0.00 XXX   0 X    0.00 XXX   0 X    0.12 GLU 262 B
LYS 266 B                                            0.00 XXX   0 X    0.00 XXX   0 X    0.08 GLU 269 B
LYS 266 B                                            0.00 XXX   0 X    0.00 XXX   0 X   -0.02 LYS 204 B

LYS 272 B  11.50     0 %   -0.30  152   0.00    0    0.85 ASP 276 B    0.00 XXX   0 X   -0.03 ARG 273 B
LYS 272 B                                            0.00 XXX   0 X    0.00 XXX   0 X    0.11 GLU 275 B
LYS 272 B                                            0.00 XXX   0 X    0.00 XXX   0 X   -0.02 ARG 278 B
LYS 272 B                                            0.00 XXX   0 X    0.00 XXX   0 X    0.38 ASP 276 B

ARG  45 B  12.72    36 %   -0.58  382   0.00    0    0.66 GLU  41 B    0.00 XXX   0 X    0.00 GLU  41 A
ARG  45 B                                            0.00 XXX   0 X    0.00 XXX   0 X    0.04 GLU  41 C
ARG  45 B                                            0.00 XXX   0 X    0.00 XXX   0 X   -0.17 ARG  45 A
ARG  45 B                                            0.00 XXX   0 X    0.00 XXX   0 X   -0.17 ARG  45 C
ARG  45 B                                            0.00 XXX   0 X    0.00 XXX   0 X    0.43 GLU  41 B

ARG  69 B  12.52     0 %   -0.29  271   0.00    0    0.00 XXX   0 X    0.00 XXX   0 X    0.07 GLU   3 B
ARG  69 B                                            0.00 XXX   0 X    0.00 XXX   0 X    0.01 GLU   7 B
ARG  69 B                                            0.00 XXX   0 X    0.00 XXX   0 X    0.22 ASP  10 B

ARG  87 B  13.17     0 %   -0.23  253   0.00    0    0.51 GLU  83 B    0.00 XXX   0 X    0.09 TYR  86 B
ARG  87 B                                            0.00 XXX   0 X    0.00 XXX   0 X    0.30 GLU  83 B

ARG  93 B  13.07     0 %   -0.11  164   0.00    0    0.42 GLU  33 B    0.00 XXX   0 X    0.25 GLU  33 B

ARG 100 B  12.83    26 %   -0.46  353   0.00    0    0.30 GLU  96 B    0.00 XXX   0 X    0.04 GLU  38 A
ARG 100 B                                            0.00 XXX   0 X    0.00 XXX   0 X    0.16 GLU  41 B
ARG 100 B                                            0.00 XXX   0 X    0.00 XXX   0 X    0.29 GLU  96 B

ARG 131 B  13.15     0 %   -0.22  257   0.00    0    0.53 GLU 127 B    0.00 XXX   0 X    0.07 ASP 130 B
ARG 131 B                                            0.00 XXX   0 X    0.00 XXX   0 X    0.26 GLU 127 B

ARG 152 B  12.88     0 %   -0.21  249   0.00    0    0.00 XXX   0 X    0.00 XXX   0 X    0.02 TYR  86 B
ARG 152 B                                            0.00 XXX   0 X    0.00 XXX   0 X    0.31 TYR 148 B
ARG 152 B                                            0.00 XXX   0 X    0.00 XXX   0 X    0.26 GLU 149 B

ARG 234 B  12.34     0 %   -0.17  252   0.00    0    0.00 XXX   0 X    0.00 XXX   0 X    0.01 TYR 264 B

ARG 273 B  13.50     0 %   -0.21  203   0.00    0    0.60 GLU 269 B    0.00 XXX   0 X    0.25 TYR 210 B
ARG 273 B                                            0.00 XXX   0 X    0.00 XXX   0 X    0.03 ASP 276 B
ARG 273 B                                            0.00 XXX   0 X    0.00 XXX   0 X    0.33 GLU 269 B

ARG 278 B  12.81     0 %   -0.31  228   0.00    0    0.08 GLU 223 B    0.00 XXX   0 X    0.19 GLU 223 B
ARG 278 B                                            0.00 XXX   0 X    0.00 XXX   0 X    0.21 GLU 275 B
ARG 278 B                                            0.00 XXX   0 X    0.00 XXX   0 X    0.06 ASP 276 B
ARG 278 B                                            0.00 XXX   0 X    0.00 XXX   0 X    0.08 C-  279 B

N+    1 B   7.15    49 %   -0.99  418   0.00    0    0.00 XXX   0 X    0.00 XXX   0 X    0.11 GLU   2 B
N+    1 B                                            0.00 XXX   0 X    0.00 XXX   0 X    0.03 GLU   3 B

ASP  10 C   5.36    46 %    1.18  409   0.52    0    0.00 XXX   0 X    0.00 XXX   0 X   -0.04 LYS 235 A
ASP  10 C                                            0.00 XXX   0 X    0.00 XXX   0 X   -0.22 ARG  69 C
ASP  10 C                                            0.00 XXX   0 X    0.00 XXX   0 X    0.06 GLU   7 C
ASP  10 C                                            0.00 XXX   0 X    0.00 XXX   0 X    0.06 GLU  14 C

ASP  95 C   2.78    17 %    1.11  328   0.11    0   -0.81 HIS 154 C   -0.84 LYS 155 C   -0.11 LYS 155 C
ASP  95 C                                            0.00 XXX   0 X   -0.01 THR 156 C   -0.48 HIS 154 C

ASP 130 C   4.33    42 %    1.67  399   0.30    0   -0.73 LYS 193 C    0.00 XXX   0 X   -0.07 ARG 131 C
ASP 130 C                                            0.00 XXX   0 X    0.00 XXX   0 X    0.04 GLU 126 C
ASP 130 C                                            0.00 XXX   0 X    0.00 XXX   0 X    0.03 GLU 127 C
ASP 130 C                                            0.00 XXX   0 X    0.00 XXX   0 X   -0.24 HIS 185 C
ASP 130 C                                            0.00 XXX   0 X    0.00 XXX   0 X   -0.47 LYS 193 C

ASP 157 C   2.85    16 %    1.04  327   0.09    0    0.00 XXX   0 X   -0.84 LYS 217 C   -0.07 LYS 217 C
ASP 157 C                                            0.00 XXX   0 X   -0.72 ASN 218 C   -0.45 HIS 216 C

ASP 276 C   2.86     0 %    0.38  174   0.00    0   -0.85 LYS 272 C    0.00 XXX   0 X   -0.03 ARG 273 C
ASP 276 C                                            0.00 XXX   0 X    0.00 XXX   0 X   -0.06 ARG 278 C
ASP 276 C                                            0.00 XXX   0 X    0.00 XXX   0 X   -0.38 LYS 272 C

GLU   2 C   3.51     7 %    0.70  302   0.02    0    0.00 XXX   0 X   -0.69 LYS  62 C   -0.11 N+    1 C
GLU   2 C                                            0.00 XXX   0 X   -0.85 SER  63 C   -0.07 LYS  62 C

GLU   3 C   3.65     7 %    0.31  300   0.00    0   -0.76 LYS 238 A    0.00 XXX   0 X   -0.01 LYS 235 A
GLU   3 C                                            0.00 XXX   0 X    0.00 XXX   0 X   -0.03 LYS 245 A
GLU   3 C                                            0.00 XXX   0 X    0.00 XXX   0 X   -0.03 N+    1 C
GLU   3 C                                            0.00 XXX   0 X    0.00 XXX   0 X   -0.07 ARG  69 C
GLU   3 C                                            0.00 XXX   0 X    0.00 XXX   0 X    0.18 GLU   7 C
GLU   3 C                                            0.00 XXX   0 X    0.00 XXX   0 X   -0.43 LYS 238 A

GLU   7 C   3.37    46 %    1.32  411   0.14    0   -0.85 LYS 235 A    0.00 XXX   0 X   -0.01 ARG  69 C
GLU   7 C                                           -0.60 LYS 238 A    0.00 XXX   0 X   -0.60 LYS 235 A
GLU   7 C                                            0.00 XXX   0 X    0.00 XXX   0 X   -0.53 LYS 238 A

GLU  14 C   4.56    27 %    0.45  357   0.07    0    0.00 XXX   0 X    0.00 XXX   0 X   -0.36 LYS 231 A
GLU  14 C                                            0.00 XXX   0 X    0.00 XXX   0 X   -0.12 LYS 235 A
GLU  14 C                                            0.00 XXX   0 X    0.00 XXX   0 X   -0.08 LYS  18 C
GLU  14 C                                            0.00 XXX   0 X    0.00 XXX   0 X    0.11 GLU 227 A

GLU  22 C   4.54    38 %    0.81  387   0.21    0   -0.27 LYS 224 A    0.00 XXX   0 X   -0.07 LYS 158 A
GLU  22 C                                            0.00 XXX   0 X    0.00 XXX   0 X   -0.25 LYS  18 C
GLU  22 C                                            0.00 XXX   0 X    0.00 XXX   0 X    0.06 GLU 227 A
GLU  22 C                                            0.00 XXX   0 X    0.00 XXX   0 X    0.09 GLU  25 C
GLU  22 C                                            0.00 XXX   0 X    0.00 XXX   0 X   -0.55 LYS 224 A

GLU  25 C   3.86     0 %    0.27  243   0.00    0   -0.84 GLN  21 C    0.00 XXX   0 X   -0.01 LYS 224 A
GLU  25 C                                            0.00 XXX   0 X    0.00 XXX   0 X   -0.06 LYS  80 C

GLU  31 C   4.56     0 %    0.06   95   0.00    0    0.00 XXX   0 X    0.00 XXX   0 X    0.00 XXX   0 X

GLU  33 C   3.30     0 %    0.61  282   0.00    0   -0.03 HIS  92 C   -0.84 ARG  93 C   -0.24 HIS  92 C
GLU  33 C                                           -0.42 ARG  93 C   -0.03 ILE  94 C   -0.25 ARG  93 C

GLU  38 C   4.27     0 %    0.27  271   0.00    0   -0.47 GLN  34 C    0.00 XXX   0 X   -0.04 ARG 100 A
GLU  38 C                                            0.00 XXX   0 X    0.00 XXX   0 X   -0.11 LYS  30 C
GLU  38 C                                            0.00 XXX   0 X    0.00 XXX   0 X    0.04 GLU  96 A
GLU  38 C                                            0.00 XXX   0 X    0.00 XXX   0 X    0.08 GLU  41 C

GLU  41 C   3.76    22 %    0.51  342   0.04    0   -0.66 ARG  45 C    0.00 XXX   0 X   -0.00 ARG  45 A
GLU  41 C                                            0.00 XXX   0 X    0.00 XXX   0 X   -0.04 ARG  45 B
GLU  41 C                                            0.00 XXX   0 X    0.00 XXX   0 X   -0.16 ARG 100 C
GLU  41 C                                            0.00 XXX   0 X    0.00 XXX   0 X   -0.43 ARG  45 C

GLU  55 C   5.45    90 %    2.00  534   0.65    0   -0.51 LYS  59 C    0.00 XXX   0 X   -0.03 LYS  59 A
GLU  55 C                                            0.00 XXX   0 X    0.00 XXX   0 X   -1.16 LYS  59 C

GLU  64 C   1.91     3 %    0.75  289   0.00    0   -0.64 THR 124 C   -0.78 THR 124 C   -0.28 HIS 123 C
GLU  64 C                                           -0.85 THR 125 C   -0.78 THR 125 C    0.00 XXX   0 X

GLU  83 C   3.82    16 %    0.41  326   0.05    0   -0.51 ARG  87 C    0.00 XXX   0 X   -0.12 LYS  80 C
GLU  83 C                                            0.00 XXX   0 X    0.00 XXX   0 X   -0.20 LYS 142 C
GLU  83 C                                            0.00 XXX   0 X    0.00 XXX   0 X   -0.30 ARG  87 C

GLU  96 C   4.20     5 %    0.29  295   0.00    0   -0.30 ARG 100 C    0.00 XXX   0 X   -0.00 LYS 158 C
GLU  96 C                                            0.00 XXX   0 X    0.00 XXX   0 X   -0.29 ARG 100 C

GLU 126 C   2.66     8 %    0.87  303   0.01    0   -0.85 THR 187 C   -0.79 LYS 186 C   -0.04 LYS 186 C
GLU 126 C                                            0.00 XXX   0 X   -0.73 THR 187 C   -0.30 HIS 185 C

GLU 127 C   3.95     0 %    0.22  216   0.00    0   -0.53 ARG 131 C    0.00 XXX   0 X    0.02 GLU  64 C
GLU 127 C                                            0.00 XXX   0 X    0.00 XXX   0 X   -0.26 ARG 131 C

GLU 145 C   4.59    24 %    0.58  348   0.05    0    0.00 XXX   0 X    0.00 XXX   0 X   -0.24 LYS 142 C
GLU 145 C                                            0.00 XXX   0 X    0.00 XXX   0 X   -0.30 LYS 204 C

GLU 149 C   4.86    14 %    0.57  321   0.04    0    0.00 XXX   0 X    0.00 XXX   0 X   -0.01 LYS 142 C
GLU 149 C                                            0.00 XXX   0 X    0.00 XXX   0 X   -0.26 ARG 152 C
GLU 149 C                                            0.00 XXX   0 X    0.00 XXX   0 X   -0.14 LYS 204 C
GLU 149 C                                            0.00 XXX   0 X    0.00 XXX   0 X    0.16 GLU 145 C

GLU 165 C   5.95    81 %    1.44  508   0.36    0   -0.05 LYS 224 C    0.00 XXX   0 X   -0.34 LYS  18 B
GLU 165 C                                            0.00 XXX   0 X    0.00 XXX   0 X   -0.02 LYS 158 C
GLU 165 C                                            0.00 XXX   0 X    0.00 XXX   0 X    0.10 GLU 227 C
GLU 165 C                                            0.00 XXX   0 X    0.00 XXX   0 X    0.52 GLU  22 B
GLU 165 C                                            0.00 XXX   0 X    0.00 XXX   0 X   -0.56 LYS 224 C

GLU 188 C   2.76     0 %    0.64  235   0.00    0   -0.85 THR 249 C   -0.70 LYS 248 C   -0.03 LYS 248 C
GLU 188 C                                            0.00 XXX   0 X   -0.80 THR 249 C    0.00 XXX   0 X

GLU 196 C   3.64    21 %    0.41  339   0.06    0   -0.81 LYS 255 C    0.00 XXX   0 X   -0.07 LYS 193 C
GLU 196 C                                            0.00 XXX   0 X    0.00 XXX   0 X   -0.45 LYS 255 C

GLU 223 C   4.51     0 %    0.25  257   0.00    0   -0.08 ARG 278 C    0.00 XXX   0 X   -0.19 ARG 278 C
GLU 223 C                                            0.00 XXX   0 X    0.00 XXX   0 X    0.01 GLU 227 C
GLU 223 C                                            0.00 XXX   0 X    0.00 XXX   0 X    0.02 C-  279 C

GLU 227 C   2.68    38 %    0.88  389   0.10    0   -0.78 LYS  18 B    0.00 XXX   0 X   -0.07 LYS 224 C
GLU 227 C                                           -0.85 LYS 231 C    0.00 XXX   0 X   -0.56 LYS  18 B
GLU 227 C                                            0.00 XXX   0 X    0.00 XXX   0 X   -0.54 LYS 231 C

GLU 241 C   4.82     6 %    0.41  298   0.04    0    0.00 XXX   0 X    0.00 XXX   0 X   -0.01 LYS 238 C
GLU 241 C                                            0.00 XXX   0 X    0.00 XXX   0 X   -0.12 LYS 245 C

GLU 251 C   4.64     0 %    0.12  130   0.00    0    0.00 XXX   0 X    0.00 XXX   0 X    0.03 GLU 188 C

GLU 262 C   4.76    14 %    0.36  320   0.02    0    0.00 XXX   0 X    0.00 XXX   0 X   -0.12 LYS 266 C

GLU 269 C   3.73     0 %    0.24  231   0.00    0   -0.60 ARG 273 C    0.00 XXX   0 X   -0.08 LYS 266 C
GLU 269 C                                            0.00 XXX   0 X    0.00 XXX   0 X   -0.33 ARG 273 C

GLU 275 C   4.67     0 %    0.35  267   0.00    0    0.00 XXX   0 X    0.00 XXX   0 X   -0.11 LYS 272 C
GLU 275 C                                            0.00 XXX   0 X    0.00 XXX   0 X   -0.21 ARG 278 C
GLU 275 C                                            0.00 XXX   0 X    0.00 XXX   0 X    0.03 GLU 223 C
GLU 275 C                                            0.00 XXX   0 X    0.00 XXX   0 X    0.11 ASP 276 C

C-  279 C   3.36     0 %    0.23  164   0.00    0    0.00 XXX   0 X    0.00 XXX   0 X   -0.08 ARG 278 C

HIS  92 C   4.86    51 %   -1.91  423   0.00    0    0.03 GLU  33 C    0.00 XXX   0 X    0.24 GLU  33 C

HIS 123 C   4.85    53 %   -1.93  430   0.00    0    0.00 XXX   0 X    0.00 XXX   0 X    0.28 GLU  64 C

HIS 154 C   5.57    61 %   -2.22  453   0.00    0    0.81 ASP  95 C    0.00 XXX   0 X    0.48 ASP  95 C

HIS 185 C   4.92    57 %   -2.10  442   0.00    0    0.00 XXX   0 X    0.00 XXX   0 X   -0.01 LYS 193 C
HIS 185 C                                            0.00 XXX   0 X    0.00 XXX   0 X    0.30 GLU 126 C
HIS 185 C                                            0.00 XXX   0 X    0.00 XXX   0 X    0.24 ASP 130 C

HIS 216 C   4.62    63 %   -2.31  457   0.00    0    0.00 XXX   0 X    0.00 XXX   0 X   -0.01 LYS 224 C
HIS 216 C                                            0.00 XXX   0 X    0.00 XXX   0 X   -0.01 HIS 154 C
HIS 216 C                                            0.00 XXX   0 X    0.00 XXX   0 X    0.45 ASP 157 C

TYR  86 C  10.97    18 %    0.72  332   0.00    0    0.00 XXX   0 X    0.00 XXX   0 X   -0.09 ARG  87 C
TYR  86 C                                            0.00 XXX   0 X    0.00 XXX   0 X    0.10 GLU 145 C
TYR  86 C                                            0.00 XXX   0 X    0.00 XXX   0 X    0.25 GLU 149 C
TYR  86 C                                            0.00 XXX   0 X    0.00 XXX   0 X   -0.02 ARG 152 C

TYR 141 C  10.35    12 %    0.43  314   0.00    0    0.00 XXX   0 X    0.00 XXX   0 X    0.31 GLU 145 C
TYR 141 C                                            0.00 XXX   0 X    0.00 XXX   0 X    0.00 GLU 149 C
TYR 141 C                                            0.00 XXX   0 X    0.00 XXX   0 X   -0.40 LYS 204 C

TYR 148 C  10.64    21 %    0.90  341   0.00    0    0.00 XXX   0 X    0.00 XXX   0 X    0.21 GLU 149 C
TYR 148 C                                            0.00 XXX   0 X    0.00 XXX   0 X   -0.31 ARG 152 C
TYR 148 C                                            0.00 XXX   0 X    0.00 XXX   0 X   -0.15 LYS 204 C

TYR 210 C  10.37     7 %    0.53  301   0.00    0    0.00 XXX   0 X    0.00 XXX   0 X    0.09 GLU 269 C
TYR 210 C                                            0.00 XXX   0 X    0.00 XXX   0 X   -0.25 ARG 273 C
TYR 210 C                                            0.00 XXX   0 X    0.00 XXX   0 X    0.00 ASP 276 C

TYR 221 C  10.35    15 %    0.64  323   0.00    0    0.00 XXX   0 X    0.00 XXX   0 X    0.09 GLU  22 B
TYR 221 C                                            0.00 XXX   0 X    0.00 XXX   0 X    0.08 ASP 157 C
TYR 221 C                                            0.00 XXX   0 X    0.00 XXX   0 X    0.07 GLU 165 C
TYR 221 C                                            0.00 XXX   0 X    0.00 XXX   0 X   -0.24 LYS 158 C
TYR 221 C                                            0.00 XXX   0 X    0.00 XXX   0 X   -0.28 LYS 224 C

TYR 252 C   9.68     0 %    0.39  230   0.00    0   -0.85 THR 189 C    0.00 XXX   0 X    0.11 GLU 188 C
TYR 252 C                                            0.00 XXX   0 X    0.00 XXX   0 X    0.12 GLU 251 C
TYR 252 C                                            0.00 XXX   0 X    0.00 XXX   0 X   -0.09 LYS 255 C

TYR 264 C  10.11     0 %    0.12  197   0.00    0    0.00 XXX   0 X    0.00 XXX   0 X   -0.01 ARG 234 C

LYS  18 C  11.49    38 %   -1.02  388   0.00    0    0.78 GLU 227 A    0.00 XXX   0 X    0.34 GLU 165 A
LYS  18 C                                            0.00 XXX   0 X    0.00 XXX   0 X    0.08 GLU  14 C
LYS  18 C                                            0.00 XXX   0 X    0.00 XXX   0 X    0.25 GLU  22 C
LYS  18 C                                            0.00 XXX   0 X    0.00 XXX   0 X    0.56 GLU 227 A

LYS  30 C   9.95    12 %   -0.54  316   0.00    0    0.00 XXX   0 X    0.00 XXX   0 X    0.11 GLU  38 C
LYS  30 C                                            0.00 XXX   0 X    0.00 XXX   0 X   -0.12 LYS 158 A

LYS  59 C  10.35    81 %   -1.61  509   0.00    0    0.51 GLU  55 C    0.00 XXX   0 X    0.03 GLU  55 B
LYS  59 C                                            0.00 XXX   0 X    0.00 XXX   0 X   -0.25 LYS  59 B
LYS  59 C                                            0.00 XXX   0 X    0.00 XXX   0 X    1.16 GLU  55 C

LYS  62 C  10.44     0 %   -0.13  252   0.00    0    0.00 XXX   0 X    0.00 XXX   0 X    0.07 GLU   2 C

LYS  80 C  10.11    11 %   -0.57  311   0.00    0    0.00 XXX   0 X    0.00 XXX   0 X    0.06 GLU  25 C
LYS  80 C                                            0.00 XXX   0 X    0.00 XXX   0 X    0.12 GLU  83 C

LYS 142 C  10.22    24 %   -0.59  349   0.00    0    0.00 XXX   0 X    0.00 XXX   0 X    0.20 GLU  83 C
LYS 142 C                                            0.00 XXX   0 X    0.00 XXX   0 X   -0.14 ARG  87 C
LYS 142 C                                            0.00 XXX   0 X    0.00 XXX   0 X    0.24 GLU 145 C
LYS 142 C                                            0.00 XXX   0 X    0.00 XXX   0 X    0.01 GLU 149 C

LYS 155 C  10.49     0 %   -0.09  168   0.00    0    0.00 XXX   0 X    0.00 XXX   0 X   -0.03 ARG  93 C
LYS 155 C                                            0.00 XXX   0 X    0.00 XXX   0 X    0.11 ASP  95 C

LYS 158 C  10.40    28 %   -0.35  360   0.00    0    0.00 XXX   0 X    0.00 XXX   0 X    0.07 GLU  22 B
LYS 158 C                                            0.00 XXX   0 X    0.00 XXX   0 X    0.00 GLU  96 C
LYS 158 C                                            0.00 XXX   0 X    0.00 XXX   0 X    0.02 GLU 165 C
LYS 158 C                                            0.00 XXX   0 X    0.00 XXX   0 X    0.24 TYR 221 C
LYS 158 C                                            0.00 XXX   0 X    0.00 XXX   0 X   -0.08 LYS 224 C

LYS 186 C  10.41     0 %   -0.13  210   0.00    0    0.00 XXX   0 X    0.00 XXX   0 X    0.04 GLU 126 C

LYS 193 C  11.31     5 %   -0.41  294   0.00    0    0.73 ASP 130 C    0.00 XXX   0 X   -0.05 ARG 131 C
LYS 193 C                                            0.00 XXX   0 X    0.00 XXX   0 X    0.07 GLU 196 C
LYS 193 C                                            0.00 XXX   0 X    0.00 XXX   0 X    0.47 ASP 130 C

LYS 204 C  10.75    25 %   -0.73  352   0.00    0    0.00 XXX   0 X    0.00 XXX   0 X    0.30 GLU 145 C
LYS 204 C                                            0.00 XXX   0 X    0.00 XXX   0 X    0.14 GLU 149 C
LYS 204 C                                            0.00 XXX   0 X    0.00 XXX   0 X   -0.01 ARG 152 C
LYS 204 C                                            0.00 XXX   0 X    0.00 XXX   0 X    0.40 TYR 141 C
LYS 204 C                                            0.00 XXX   0 X    0.00 XXX   0 X    0.15 TYR 148 C

LYS 217 C  10.47     0 %   -0.10  193   0.00    0    0.00 XXX   0 X    0.00 XXX   0 X    0.07 ASP 157 C

LYS 224 C  11.00    36 %   -1.06  382   0.00    0    0.27 GLU  22 B    0.00 XXX   0 X    0.01 GLU  25 B
LYS 224 C                                            0.05 GLU 165 C    0.00 XXX   0 X    0.07 GLU 227 C
LYS 224 C                                            0.00 XXX   0 X    0.00 XXX   0 X   -0.22 LYS  18 B
LYS 224 C                                            0.00 XXX   0 X    0.00 XXX   0 X    0.28 TYR 221 C
LYS 224 C                                            0.00 XXX   0 X    0.00 XXX   0 X    0.55 GLU  22 B
LYS 224 C                                            0.00 XXX   0 X    0.00 XXX   0 X    0.56 GLU 165 C

LYS 231 C  10.98    32 %   -0.90  370   0.00    0    0.85 GLU 227 C    0.00 XXX   0 X    0.36 GLU  14 B
LYS 231 C                                            0.00 XXX   0 X    0.00 XXX   0 X   -0.04 ARG 234 C
LYS 231 C                                            0.00 XXX   0 X    0.00 XXX   0 X   -0.32 LYS  18 B
LYS 231 C                                            0.00 XXX   0 X    0.00 XXX   0 X    0.54 GLU 227 C

LYS 235 C  10.67    42 %   -1.11  399   0.00    0    0.85 GLU   7 B    0.00 XXX   0 X    0.01 GLU   3 B
LYS 235 C                                            0.00 XXX   0 X    0.00 XXX   0 X    0.04 ASP  10 B
LYS 235 C                                            0.00 XXX   0 X    0.00 XXX   0 X    0.12 GLU  14 B
LYS 235 C                                            0.00 XXX   0 X    0.00 XXX   0 X   -0.04 ARG 234 C
LYS 235 C                                            0.00 XXX   0 X    0.00 XXX   0 X   -0.08 LYS 231 C
LYS 235 C                                            0.00 XXX   0 X    0.00 XXX   0 X   -0.23 LYS 238 C
LYS 235 C                                            0.00 XXX   0 X    0.00 XXX   0 X    0.60 GLU   7 B

LYS 238 C  12.12    20 %   -0.68  338   0.00    0    0.76 GLU   3 B    0.00 XXX   0 X   -0.03 ARG  69 B
LYS 238 C                                            0.60 GLU   7 B    0.00 XXX   0 X    0.01 GLU 241 C
LYS 238 C                                            0.00 XXX   0 X    0.00 XXX   0 X    0.43 GLU   3 B
LYS 238 C                                            0.00 XXX   0 X    0.00 XXX   0 X    0.53 GLU   7 B

LYS 245 C  10.51     0 %   -0.14  198   0.00    0    0.00 XXX   0 X    0.00 XXX   0 X    0.03 GLU   3 B
LYS 245 C                                            0.00 XXX   0 X    0.00 XXX   0 X    0.12 GLU 241 C
LYS 245 C                                            0.00 XXX   0 X    0.00 XXX   0 X   -0.01 LYS 238 C

LYS 248 C  10.42     0 %   -0.11  155   0.00    0    0.00 XXX   0 X    0.00 XXX   0 X    0.03 GLU 188 C

LYS 255 C  11.16    17 %   -0.67  330   0.00    0    0.81 GLU 196 C    0.00 XXX   0 X   -0.03 LYS 193 C
LYS 255 C                                            0.00 XXX   0 X    0.00 XXX   0 X    0.09 TYR 252 C
LYS 255 C                                            0.00 XXX   0 X    0.00 XXX   0 X    0.45 GLU 196 C

LYS 266 C   9.56    37 %   -1.12  385   0.00    0    0.00 XXX   0 X    0.00 XXX   0 X    0.12 GLU 262 C
LYS 266 C                                            0.00 XXX   0 X    0.00 XXX   0 X    0.08 GLU 269 C
LYS 266 C                                            0.00 XXX   0 X    0.00 XXX   0 X   -0.02 LYS 204 C

LYS 272 C  11.50     0 %   -0.30  153   0.00    0    0.85 ASP 276 C    0.00 XXX   0 X   -0.03 ARG 273 C
LYS 272 C                                            0.00 XXX   0 X    0.00 XXX   0 X    0.11 GLU 275 C
LYS 272 C                                            0.00 XXX   0 X    0.00 XXX   0 X   -0.02 ARG 278 C
LYS 272 C                                            0.00 XXX   0 X    0.00 XXX   0 X    0.38 ASP 276 C

ARG  45 C  12.89    36 %   -0.58  382   0.00    0    0.66 GLU  41 C    0.00 XXX   0 X    0.04 GLU  41 A
ARG  45 C                                            0.00 XXX   0 X    0.00 XXX   0 X    0.00 GLU  41 B
ARG  45 C                                            0.00 XXX   0 X    0.00 XXX   0 X   -0.17 ARG  45 A
ARG  45 C                                            0.00 XXX   0 X    0.00 XXX   0 X    0.43 GLU  41 C

ARG  69 C  12.52     0 %   -0.29  271   0.00    0    0.00 XXX   0 X    0.00 XXX   0 X    0.07 GLU   3 C
ARG  69 C                                            0.00 XXX   0 X    0.00 XXX   0 X    0.01 GLU   7 C
ARG  69 C                                            0.00 XXX   0 X    0.00 XXX   0 X    0.22 ASP  10 C

ARG  87 C  13.17     0 %   -0.23  253   0.00    0    0.51 GLU  83 C    0.00 XXX   0 X    0.09 TYR  86 C
ARG  87 C                                            0.00 XXX   0 X    0.00 XXX   0 X    0.30 GLU  83 C

ARG  93 C  13.07     0 %   -0.11  164   0.00    0    0.42 GLU  33 C    0.00 XXX   0 X    0.25 GLU  33 C

ARG 100 C  12.83    26 %   -0.46  353   0.00    0    0.30 GLU  96 C    0.00 XXX   0 X    0.04 GLU  38 B
ARG 100 C                                            0.00 XXX   0 X    0.00 XXX   0 X    0.16 GLU  41 C
ARG 100 C                                            0.00 XXX   0 X    0.00 XXX   0 X    0.29 GLU  96 C

ARG 131 C  13.14     0 %   -0.22  257   0.00    0    0.53 GLU 127 C    0.00 XXX   0 X    0.07 ASP 130 C
ARG 131 C                                            0.00 XXX   0 X    0.00 XXX   0 X    0.26 GLU 127 C

ARG 152 C  12.88     0 %   -0.21  249   0.00    0    0.00 XXX   0 X    0.00 XXX   0 X    0.02 TYR  86 C
ARG 152 C                                            0.00 XXX   0 X    0.00 XXX   0 X    0.31 TYR 148 C
ARG 152 C                                            0.00 XXX   0 X    0.00 XXX   0 X    0.26 GLU 149 C

ARG 234 C  12.34     0 %   -0.17  252   0.00    0    0.00 XXX   0 X    0.00 XXX   0 X    0.01 TYR 264 C

ARG 273 C  13.50     0 %   -0.21  203   0.00    0    0.60 GLU 269 C    0.00 XXX   0 X    0.25 TYR 210 C
ARG 273 C                                            0.00 XXX   0 X    0.00 XXX   0 X    0.03 ASP 276 C
ARG 273 C                                            0.00 XXX   0 X    0.00 XXX   0 X    0.33 GLU 269 C

ARG 278 C  12.81     0 %   -0.31  228   0.00    0    0.08 GLU 223 C    0.00 XXX   0 X    0.19 GLU 223 C
ARG 278 C                                            0.00 XXX   0 X    0.00 XXX   0 X    0.21 GLU 275 C
ARG 278 C                                            0.00 XXX   0 X    0.00 XXX   0 X    0.06 ASP 276 C
ARG 278 C                                            0.00 XXX   0 X    0.00 XXX   0 X    0.08 C-  279 C

N+    1 C   7.15    49 %   -0.99  418   0.00    0    0.00 XXX   0 X    0.00 XXX   0 X    0.11 GLU   2 C
N+    1 C                                            0.00 XXX   0 X    0.00 XXX   0 X    0.03 GLU   3 C


2023-03-14 10:50:04,738 INFO:output.py:210:print_pka_section:pKa summary:
--------------------------------------------------------------------------------------------------------
SUMMARY OF THIS PREDICTION
       Group      pKa  model-pKa   ligand atom-type
   ASP  10 A     5.36       3.80                      
   ASP  95 A     2.78       3.80                      
   ASP 130 A     4.33       3.80                      
   ASP 157 A     2.85       3.80                      
   ASP 276 A     2.86       3.80                      
   ASP  10 B     5.36       3.80                      
   ASP  95 B     2.78       3.80                      
   ASP 130 B     4.33       3.80                      
   ASP 157 B     2.85       3.80                      
   ASP 276 B     2.86       3.80                      
   ASP  10 C     5.36       3.80                      
   ASP  95 C     2.78       3.80                      
   ASP 130 C     4.33       3.80                      
   ASP 157 C     2.85       3.80                      
   ASP 276 C     2.86       3.80                      
   GLU   2 A     3.51       4.50                      
   GLU   3 A     3.65       4.50                      
   GLU   7 A     3.37       4.50                      
   GLU  14 A     4.56       4.50                      
   GLU  22 A     4.54       4.50                      
   GLU  25 A     3.86       4.50                      
   GLU  31 A     4.56       4.50                      
   GLU  33 A     3.30       4.50                      
   GLU  38 A     4.27       4.50                      
   GLU  41 A     3.76       4.50                      
   GLU  55 A     5.45       4.50                      
   GLU  64 A     1.91       4.50                      
   GLU  83 A     3.82       4.50                      
   GLU  96 A     4.20       4.50                      
   GLU 126 A     2.66       4.50                      
   GLU 127 A     3.95       4.50                      
   GLU 145 A     4.59       4.50                      
   GLU 149 A     4.86       4.50                      
   GLU 165 A     5.95       4.50                      
   GLU 188 A     2.76       4.50                      
   GLU 196 A     3.64       4.50                      
   GLU 223 A     4.51       4.50                      
   GLU 227 A     2.68       4.50                      
   GLU 241 A     4.82       4.50                      
   GLU 251 A     4.64       4.50                      
   GLU 262 A     4.76       4.50                      
   GLU 269 A     3.73       4.50                      
   GLU 275 A     4.67       4.50                      
   GLU   2 B     3.51       4.50                      
   GLU   3 B     3.65       4.50                      
   GLU   7 B     3.37       4.50                      
   GLU  14 B     4.56       4.50                      
   GLU  22 B     4.54       4.50                      
   GLU  25 B     3.86       4.50                      
   GLU  31 B     4.56       4.50                      
   GLU  33 B     3.30       4.50                      
   GLU  38 B     4.27       4.50                      
   GLU  41 B     3.76       4.50                      
   GLU  55 B     5.45       4.50                      
   GLU  64 B     1.91       4.50                      
   GLU  83 B     3.82       4.50                      
   GLU  96 B     4.20       4.50                      
   GLU 126 B     2.66       4.50                      
   GLU 127 B     3.95       4.50                      
   GLU 145 B     4.59       4.50                      
   GLU 149 B     4.86       4.50                      
   GLU 165 B     5.95       4.50                      
   GLU 188 B     2.76       4.50                      
   GLU 196 B     3.64       4.50                      
   GLU 223 B     4.51       4.50                      
   GLU 227 B     2.68       4.50                      
   GLU 241 B     4.82       4.50                      
   GLU 251 B     4.64       4.50                      
   GLU 262 B     4.76       4.50                      
   GLU 269 B     3.73       4.50                      
   GLU 275 B     4.67       4.50                      
   GLU   2 C     3.51       4.50                      
   GLU   3 C     3.65       4.50                      
   GLU   7 C     3.37       4.50                      
   GLU  14 C     4.56       4.50                      
   GLU  22 C     4.54       4.50                      
   GLU  25 C     3.86       4.50                      
   GLU  31 C     4.56       4.50                      
   GLU  33 C     3.30       4.50                      
   GLU  38 C     4.27       4.50                      
   GLU  41 C     3.76       4.50                      
   GLU  55 C     5.45       4.50                      
   GLU  64 C     1.91       4.50                      
   GLU  83 C     3.82       4.50                      
   GLU  96 C     4.20       4.50                      
   GLU 126 C     2.66       4.50                      
   GLU 127 C     3.95       4.50                      
   GLU 145 C     4.59       4.50                      
   GLU 149 C     4.86       4.50                      
   GLU 165 C     5.95       4.50                      
   GLU 188 C     2.76       4.50                      
   GLU 196 C     3.64       4.50                      
   GLU 223 C     4.51       4.50                      
   GLU 227 C     2.68       4.50                      
   GLU 241 C     4.82       4.50                      
   GLU 251 C     4.64       4.50                      
   GLU 262 C     4.76       4.50                      
   GLU 269 C     3.73       4.50                      
   GLU 275 C     4.67       4.50                      
   C-  279 A     3.36       3.20                      
   C-  279 B     3.36       3.20                      
   C-  279 C     3.36       3.20                      
   HIS  92 A     4.86       6.50                      
   HIS 123 A     4.85       6.50                      
   HIS 154 A     5.57       6.50                      
   HIS 185 A     4.92       6.50                      
   HIS 216 A     4.62       6.50                      
   HIS  92 B     4.86       6.50                      
   HIS 123 B     4.85       6.50                      
   HIS 154 B     5.57       6.50                      
   HIS 185 B     4.92       6.50                      
   HIS 216 B     4.62       6.50                      
   HIS  92 C     4.86       6.50                      
   HIS 123 C     4.85       6.50                      
   HIS 154 C     5.57       6.50                      
   HIS 185 C     4.92       6.50                      
   HIS 216 C     4.62       6.50                      
   TYR  86 A    10.97      10.00                      
   TYR 141 A    10.35      10.00                      
   TYR 148 A    10.64      10.00                      
   TYR 210 A    10.37      10.00                      
   TYR 221 A    10.35      10.00                      
   TYR 252 A     9.68      10.00                      
   TYR 264 A    10.11      10.00                      
   TYR  86 B    10.97      10.00                      
   TYR 141 B    10.35      10.00                      
   TYR 148 B    10.64      10.00                      
   TYR 210 B    10.37      10.00                      
   TYR 221 B    10.35      10.00                      
   TYR 252 B     9.68      10.00                      
   TYR 264 B    10.11      10.00                      
   TYR  86 C    10.97      10.00                      
   TYR 141 C    10.35      10.00                      
   TYR 148 C    10.64      10.00                      
   TYR 210 C    10.37      10.00                      
   TYR 221 C    10.35      10.00                      
   TYR 252 C     9.68      10.00                      
   TYR 264 C    10.11      10.00                      
   LYS  18 A    11.49      10.50                      
   LYS  30 A     9.95      10.50                      
   LYS  59 A    10.10      10.50                      
   LYS  62 A    10.44      10.50                      
   LYS  80 A    10.11      10.50                      
   LYS 142 A    10.22      10.50                      
   LYS 155 A    10.49      10.50                      
   LYS 158 A    10.40      10.50                      
   LYS 186 A    10.41      10.50                      
   LYS 193 A    11.31      10.50                      
   LYS 204 A    10.75      10.50                      
   LYS 217 A    10.47      10.50                      
   LYS 224 A    11.00      10.50                      
   LYS 231 A    10.98      10.50                      
   LYS 235 A    10.67      10.50                      
   LYS 238 A    12.12      10.50                      
   LYS 245 A    10.51      10.50                      
   LYS 248 A    10.42      10.50                      
   LYS 255 A    11.16      10.50                      
   LYS 266 A     9.56      10.50                      
   LYS 272 A    11.50      10.50                      
   LYS  18 B    11.49      10.50                      
   LYS  30 B     9.95      10.50                      
   LYS  59 B    10.60      10.50                      
   LYS  62 B    10.44      10.50                      
   LYS  80 B    10.11      10.50                      
   LYS 142 B    10.22      10.50                      
   LYS 155 B    10.49      10.50                      
   LYS 158 B    10.40      10.50                      
   LYS 186 B    10.41      10.50                      
   LYS 193 B    11.31      10.50                      
   LYS 204 B    10.75      10.50                      
   LYS 217 B    10.47      10.50                      
   LYS 224 B    11.00      10.50                      
   LYS 231 B    10.98      10.50                      
   LYS 235 B    10.67      10.50                      
   LYS 238 B    12.12      10.50                      
   LYS 245 B    10.51      10.50                      
   LYS 248 B    10.42      10.50                      
   LYS 255 B    11.16      10.50                      
   LYS 266 B     9.56      10.50                      
   LYS 272 B    11.50      10.50                      
   LYS  18 C    11.49      10.50                      
   LYS  30 C     9.95      10.50                      
   LYS  59 C    10.35      10.50                      
   LYS  62 C    10.44      10.50                      
   LYS  80 C    10.11      10.50                      
   LYS 142 C    10.22      10.50                      
   LYS 155 C    10.49      10.50                      
   LYS 158 C    10.40      10.50                      
   LYS 186 C    10.41      10.50                      
   LYS 193 C    11.31      10.50                      
   LYS 204 C    10.75      10.50                      
   LYS 217 C    10.47      10.50                      
   LYS 224 C    11.00      10.50                      
   LYS 231 C    10.98      10.50                      
   LYS 235 C    10.67      10.50                      
   LYS 238 C    12.12      10.50                      
   LYS 245 C    10.51      10.50                      
   LYS 248 C    10.42      10.50                      
   LYS 255 C    11.16      10.50                      
   LYS 266 C     9.56      10.50                      
   LYS 272 C    11.50      10.50                      
   ARG  45 A    13.05      12.50                      
   ARG  69 A    12.52      12.50                      
   ARG  87 A    13.17      12.50                      
   ARG  93 A    13.07      12.50                      
   ARG 100 A    12.83      12.50                      
   ARG 131 A    13.14      12.50                      
   ARG 152 A    12.88      12.50                      
   ARG 234 A    12.34      12.50                      
   ARG 273 A    13.50      12.50                      
   ARG 278 A    12.81      12.50                      
   ARG  45 B    12.72      12.50                      
   ARG  69 B    12.52      12.50                      
   ARG  87 B    13.17      12.50                      
   ARG  93 B    13.07      12.50                      
   ARG 100 B    12.83      12.50                      
   ARG 131 B    13.15      12.50                      
   ARG 152 B    12.88      12.50                      
   ARG 234 B    12.34      12.50                      
   ARG 273 B    13.50      12.50                      
   ARG 278 B    12.81      12.50                      
   ARG  45 C    12.89      12.50                      
   ARG  69 C    12.52      12.50                      
   ARG  87 C    13.17      12.50                      
   ARG  93 C    13.07      12.50                      
   ARG 100 C    12.83      12.50                      
   ARG 131 C    13.14      12.50                      
   ARG 152 C    12.88      12.50                      
   ARG 234 C    12.34      12.50                      
   ARG 273 C    13.50      12.50                      
   ARG 278 C    12.81      12.50                      
   N+    1 A     7.15       8.00                      
   N+    1 B     7.15       8.00                      
   N+    1 C     7.15       8.00                      

2023-03-14 10:50:04,838 INFO:main.py:636:non_trivial:PROPKA information:
--------------------------------------------------------------------------------------------------------
Free energy of   folding (kcal/mol) as a function of pH (using neutral reference)
  0.00     71.62
  1.00     71.25
  2.00     68.36
  3.00     54.88
  4.00     26.74
  5.00      6.13
  6.00     -5.30
  7.00    -14.12
  8.00    -17.71
  9.00    -18.71
 10.00    -16.90
 11.00     -6.18
 12.00      5.91
 13.00     16.31
 14.00     22.35

The pH of optimum stability is  9.1 for which the free energy is  -18.7 kcal/mol at 298K
The free energy is within 80 % of maximum at pH  7.2 to 10.2
The free energy is negative in the range  5.6 - 11.4


Protein charge of folded and unfolded state as a function of pH
    pH  unfolded  folded
  0.00    110.99  110.92
  0.10    110.99  110.90
  0.20    110.99  110.88
  0.30    110.99  110.85
  0.40    110.98  110.81
  0.50    110.98  110.76
  0.60    110.97  110.70
  0.70    110.97  110.62
  0.80    110.96  110.53
  0.90    110.95  110.41
  1.00    110.93  110.26
  1.10    110.91  110.09
  1.20    110.89  109.87
  1.30    110.86  109.61
  1.40    110.83  109.29
  1.50    110.78  108.91
  1.60    110.73  108.46
  1.70    110.66  107.92
  1.80    110.57  107.29
  1.90    110.46  106.56
  2.00    110.32  105.71
  2.10    110.15  104.74
  2.20    109.94  103.62
  2.30    109.68  102.36
  2.40    109.35  100.93
  2.50    108.95   99.34
  2.60    108.46   97.58
  2.70    107.86   95.66
  2.80    107.14   93.57
  2.90    106.26   91.31
  3.00    105.21   88.91
  3.10    103.95   86.35
  3.20    102.47   83.65
  3.30    100.73   80.81
  3.40     98.70   77.84
  3.50     96.34   74.73
  3.60     93.64   71.50
  3.70     90.56   68.16
  3.80     87.10   64.70
  3.90     83.24   61.15
  4.00     78.98   57.51
  4.10     74.36   53.79
  4.20     69.42   50.01
  4.30     64.23   46.18
  4.40     58.88   42.31
  4.50     53.49   38.45
  4.60     48.16   34.62
  4.70     43.03   30.87
  4.80     38.19   27.24
  4.90     33.71   23.75
  5.00     29.66   20.45
  5.10     26.04   17.37
  5.20     22.86   14.51
  5.30     20.08   11.89
  5.40     17.67    9.50
  5.50     15.57    7.35
  5.60     13.74    5.42
  5.70     12.11    3.70
  5.80     10.65    2.17
  5.90      9.30    0.83
  6.00      8.04   -0.35
  6.10      6.82   -1.39
  6.20      5.64   -2.28
  6.30      4.49   -3.07
  6.40      3.36   -3.75
  6.50      2.26   -4.35
  6.60      1.20   -4.88
  6.70      0.19   -5.35
  6.80     -0.76   -5.78
  6.90     -1.64   -6.17
  7.00     -2.44   -6.53
  7.10     -3.16   -6.86
  7.20     -3.81   -7.16
  7.30     -4.39   -7.45
  7.40     -4.92   -7.71
  7.50     -5.40   -7.95
  7.60     -5.84   -8.18
  7.70     -6.26   -8.38
  7.80     -6.66   -8.58
  7.90     -7.04   -8.77
  8.00     -7.42   -8.95
  8.10     -7.79   -9.14
  8.20     -8.17   -9.34
  8.30     -8.56   -9.55
  8.40     -8.96   -9.80
  8.50     -9.39  -10.09
  8.60     -9.86  -10.42
  8.70    -10.39  -10.83
  8.80    -11.00  -11.31
  8.90    -11.70  -11.90
  9.00    -12.53  -12.60
  9.10    -13.51  -13.44
  9.20    -14.69  -14.45
  9.30    -16.08  -15.64
  9.40    -17.74  -17.05
  9.50    -19.69  -18.68
  9.60    -21.98  -20.56
  9.70    -24.61  -22.70
  9.80    -27.61  -25.12
  9.90    -30.98  -27.81
 10.00    -34.70  -30.77
 10.10    -38.73  -33.97
 10.20    -43.04  -37.38
 10.30    -47.53  -40.97
 10.40    -52.13  -44.68
 10.50    -56.74  -48.46
 10.60    -61.26  -52.25
 10.70    -65.60  -56.00
 10.80    -69.68  -59.65
 10.90    -73.44  -63.17
 11.00    -76.87  -66.53
 11.10    -79.95  -69.70
 11.20    -82.70  -72.69
 11.30    -85.16  -75.48
 11.40    -87.36  -78.07
 11.50    -89.36  -80.49
 11.60    -91.20  -82.75
 11.70    -92.95  -84.86
 11.80    -94.66  -86.86
 11.90    -96.35  -88.76
 12.00    -98.07  -90.60
 12.10    -99.83  -92.39
 12.20   -101.65  -94.16
 12.30   -103.52  -95.92
 12.40   -105.41  -97.69
 12.50   -107.31  -99.48
 12.60   -109.17 -101.28
 12.70   -110.96 -103.08
 12.80   -112.64 -104.89
 12.90   -114.18 -106.67
 13.00   -115.57 -108.42
 13.10   -116.80 -110.10
 13.20   -117.87 -111.70
 13.30   -118.79 -113.20
 13.40   -119.56 -114.58
 13.50   -120.20 -115.83
 13.60   -120.74 -116.95
 13.70   -121.18 -117.93
 13.80   -121.53 -118.79
 13.90   -121.82 -119.53
 14.00   -122.06 -120.15
The pI is  5.97 (folded) and  6.72 (unfolded)

--------------------------------------------------------------------------------------------------------
2023-03-14 10:50:04,839 INFO:biomolecule.py:780:apply_pka_values:Applying pKa values at a pH of 7.00:
2023-03-14 10:50:04,843 INFO:main.py:643:non_trivial:Adding hydrogens to biomolecule.
2023-03-14 10:50:06,158 INFO:main.py:646:non_trivial:Debumping biomolecule (again).
2023-03-14 10:50:07,452 INFO:main.py:648:non_trivial:Optimizing hydrogen bonds
2023-03-14 10:50:08,790 INFO:main.py:660:non_trivial:Applying force field to biomolecule states.
2023-03-14 10:50:08,806 INFO:main.py:704:non_trivial:Regenerating headers.
2023-03-14 10:50:08,810 INFO:main.py:729:non_trivial:Regenerating PDB lines.
2023-03-14 10:50:08,898 WARNING:main.py:314:print_pqr:Ignoring 466 header lines in output.
